{"numTotalTestSuites":105,"numPassedTestSuites":105,"numFailedTestSuites":0,"numPendingTestSuites":0,"numTotalTests":214,"numPassedTests":214,"numFailedTests":0,"numPendingTests":0,"numTodoTests":0,"snapshot":{"added":0,"failure":false,"filesAdded":0,"filesRemoved":0,"filesRemovedList":[],"filesUnmatched":0,"filesUpdated":0,"matched":0,"total":0,"unchecked":0,"uncheckedKeysByFile":[],"unmatched":0,"updated":0,"didUpdate":false},"startTime":1780549208647,"success":true,"testResults":[{"assertionResults":[{"ancestorTitles":["MessageInput"],"fullName":"MessageInput 应该渲染输入框和发送按钮","status":"passed","title":"应该渲染输入框和发送按钮","duration":100.02050000000008,"failureMessages":[],"meta":{},"tags":[]},{"ancestorTitles":["MessageInput"],"fullName":"MessageInput 输入内容后点击发送应触发 onSend 并清空输入框","status":"passed","title":"输入内容后点击发送应触发 onSend 并清空输入框","duration":178.16970000000015,"failureMessages":[],"meta":{},"tags":[]},{"ancestorTitles":["MessageInput"],"fullName":"MessageInput 空内容时点击发送不应触发 onSend","status":"passed","title":"空内容时点击发送不应触发 onSend","duration":61.36059999999998,"failureMessages":[],"meta":{},"tags":[]},{"ancestorTitles":["MessageInput"],"fullName":"MessageInput disabled 时输入框和按钮应被禁用","status":"passed","title":"disabled 时输入框和按钮应被禁用","duration":4.36239999999998,"failureMessages":[],"meta":{},"tags":[]},{"ancestorTitles":["MessageInput"],"fullName":"MessageInput isStreaming 时应显示停止按钮","status":"passed","title":"isStreaming 时应显示停止按钮","duration":3.1854000000000724,"failureMessages":[],"meta":{},"tags":[]},{"ancestorTitles":["MessageInput"],"fullName":"MessageInput 点击停止按钮应调用 onStop","status":"passed","title":"点击停止按钮应调用 onStop","duration":54.9842000000001,"failureMessages":[],"meta":{},"tags":[]},{"ancestorTitles":["MessageInput"],"fullName":"MessageInput 按 Enter 发送消息","status":"passed","title":"按 Enter 发送消息","duration":188.95579999999995,"failureMessages":[],"meta":{},"tags":[]},{"ancestorTitles":["MessageInput"],"fullName":"MessageInput 按 Shift+Enter 不应发送消息","status":"passed","title":"按 Shift+Enter 不应发送消息","duration":154.98430000000008,"failureMessages":[],"meta":{},"tags":[]}],"startTime":1780549210143,"endTime":1780549210888.9844,"status":"passed","message":"","name":"D:/ai-teacher/yuesheng-writing-coach/src/renderer/components/chat/MessageInput.test.tsx"},{"assertionResults":[{"ancestorTitles":["DiagnosisCard"],"fullName":"DiagnosisCard 无症候时返回 null","status":"passed","title":"无症候时返回 null","duration":9.616300000000138,"failureMessages":[],"meta":{},"tags":[]},{"ancestorTitles":["DiagnosisCard"],"fullName":"DiagnosisCard 摘要行显示主要症候名称和证据预览","status":"passed","title":"摘要行显示主要症候名称和证据预览","duration":18.36329999999998,"failureMessages":[],"meta":{},"tags":[]},{"ancestorTitles":["DiagnosisCard"],"fullName":"DiagnosisCard 严重度标签显示在摘要行","status":"passed","title":"严重度标签显示在摘要行","duration":2.8065999999998894,"failureMessages":[],"meta":{},"tags":[]},{"ancestorTitles":["DiagnosisCard"],"fullName":"DiagnosisCard 点击展开按钮显示详细症候列表","status":"passed","title":"点击展开按钮显示详细症候列表","duration":133.81849999999986,"failureMessages":[],"meta":{},"tags":[]},{"ancestorTitles":["DiagnosisCard"],"fullName":"DiagnosisCard 展开后显示证据文本","status":"passed","title":"展开后显示证据文本","duration":45.42549999999983,"failureMessages":[],"meta":{},"tags":[]},{"ancestorTitles":["DiagnosisCard"],"fullName":"DiagnosisCard 点击'尝试修改'按钮调用 onEdit","status":"passed","title":"点击'尝试修改'按钮调用 onEdit","duration":122.6694,"failureMessages":[],"meta":{},"tags":[]},{"ancestorTitles":["DiagnosisCard"],"fullName":"DiagnosisCard onEdit 未传入时不显示'尝试修改'按钮","status":"passed","title":"onEdit 未传入时不显示'尝试修改'按钮","duration":63.38089999999988,"failureMessages":[],"meta":{},"tags":[]},{"ancestorTitles":["DiagnosisCard"],"fullName":"DiagnosisCard 症候有 rewriteSuggestion 时显示'查看建议'按钮和建议内容","status":"passed","title":"症候有 rewriteSuggestion 时显示'查看建议'按钮和建议内容","duration":46.739700000000084,"failureMessages":[],"meta":{},"tags":[]},{"ancestorTitles":["DiagnosisCard"],"fullName":"DiagnosisCard 展开/折叠状态由 aria-expanded 反映","status":"passed","title":"展开/折叠状态由 aria-expanded 反映","duration":124.19549999999981,"failureMessages":[],"meta":{},"tags":[]}],"startTime":1780549210151,"endTime":1780549210718.1956,"status":"passed","message":"","name":"D:/ai-teacher/yuesheng-writing-coach/src/renderer/components/diagnosis/DiagnosisCard.test.tsx"},{"assertionResults":[{"ancestorTitles":["EditPanel"],"fullName":"EditPanel 标题显示症候名称","status":"passed","title":"标题显示症候名称","duration":28.243600000000015,"failureMessages":[],"meta":{},"tags":[]},{"ancestorTitles":["EditPanel"],"fullName":"EditPanel 显示只读原文区域","status":"passed","title":"显示只读原文区域","duration":3.556600000000117,"failureMessages":[],"meta":{},"tags":[]},{"ancestorTitles":["EditPanel"],"fullName":"EditPanel 多条原文逐一显示","status":"passed","title":"多条原文逐一显示","duration":4.585000000000036,"failureMessages":[],"meta":{},"tags":[]},{"ancestorTitles":["EditPanel"],"fullName":"EditPanel 关闭按钮调用 onCancel","status":"passed","title":"关闭按钮调用 onCancel","duration":130.58849999999984,"failureMessages":[],"meta":{},"tags":[]},{"ancestorTitles":["EditPanel"],"fullName":"EditPanel \"取消\"按钮调用 onCancel","status":"passed","title":"\"取消\"按钮调用 onCancel","duration":61.13210000000004,"failureMessages":[],"meta":{},"tags":[]},{"ancestorTitles":["EditPanel"],"fullName":"EditPanel 文本区可以输入内容","status":"passed","title":"文本区可以输入内容","duration":312.85479999999984,"failureMessages":[],"meta":{},"tags":[]},{"ancestorTitles":["EditPanel"],"fullName":"EditPanel 空内容时提交按钮禁用","status":"passed","title":"空内容时提交按钮禁用","duration":6.1737000000000535,"failureMessages":[],"meta":{},"tags":[]},{"ancestorTitles":["EditPanel"],"fullName":"EditPanel 提交按钮在 isSubmitting 时禁用并显示加载","status":"passed","title":"提交按钮在 isSubmitting 时禁用并显示加载","duration":5.403999999999996,"failureMessages":[],"meta":{},"tags":[]},{"ancestorTitles":["EditPanel"],"fullName":"EditPanel 输入内容后提交按钮可用，点击触发 onSubmit","status":"passed","title":"输入内容后提交按钮可用，点击触发 onSubmit","duration":346.19579999999996,"failureMessages":[],"meta":{},"tags":[]},{"ancestorTitles":["EditPanel"],"fullName":"EditPanel 只输入空格时提交按钮禁用","status":"passed","title":"只输入空格时提交按钮禁用","duration":110.46420000000035,"failureMessages":[],"meta":{},"tags":[]}],"startTime":1780549210131,"endTime":1780549211140.464,"status":"passed","message":"","name":"D:/ai-teacher/yuesheng-writing-coach/src/renderer/components/diagnosis/EditPanel.test.tsx"},{"assertionResults":[{"ancestorTitles":["EvaluationCard"],"fullName":"EvaluationCard '明显改善'时显示'这个改法有效'","status":"passed","title":"'明显改善'时显示'这个改法有效'","duration":24.816900000000032,"failureMessages":[],"meta":{},"tags":[]},{"ancestorTitles":["EvaluationCard"],"fullName":"EvaluationCard '略有改善'时显示'部分改善'","status":"passed","title":"'略有改善'时显示'部分改善'","duration":3.015100000000075,"failureMessages":[],"meta":{},"tags":[]},{"ancestorTitles":["EvaluationCard"],"fullName":"EvaluationCard '无明显改善'时显示'需要调整'","status":"passed","title":"'无明显改善'时显示'需要调整'","duration":2.4156000000000404,"failureMessages":[],"meta":{},"tags":[]},{"ancestorTitles":["EvaluationCard"],"fullName":"EvaluationCard 显示分析文本","status":"passed","title":"显示分析文本","duration":2.1749999999999545,"failureMessages":[],"meta":{},"tags":[]},{"ancestorTitles":["EvaluationCard"],"fullName":"EvaluationCard 有 suggestion 时显示建议内容","status":"passed","title":"有 suggestion 时显示建议内容","duration":2.1117000000001553,"failureMessages":[],"meta":{},"tags":[]},{"ancestorTitles":["EvaluationCard"],"fullName":"EvaluationCard 无 suggestion 时不显示建议区块","status":"passed","title":"无 suggestion 时不显示建议区块","duration":2.6882000000000517,"failureMessages":[],"meta":{},"tags":[]},{"ancestorTitles":["EvaluationCard"],"fullName":"EvaluationCard 显示改前改后对比","status":"passed","title":"显示改前改后对比","duration":4.127899999999954,"failureMessages":[],"meta":{},"tags":[]},{"ancestorTitles":["EvaluationCard"],"fullName":"EvaluationCard 未提供原文时不显示对比区域","status":"passed","title":"未提供原文时不显示对比区域","duration":1.5207000000000335,"failureMessages":[],"meta":{},"tags":[]},{"ancestorTitles":["EvaluationCard"],"fullName":"EvaluationCard 显示自定义 actions","status":"passed","title":"显示自定义 actions","duration":2.331899999999905,"failureMessages":[],"meta":{},"tags":[]}],"startTime":1780549210125,"endTime":1780549210170.3318,"status":"passed","message":"","name":"D:/ai-teacher/yuesheng-writing-coach/src/renderer/components/diagnosis/EvaluationCard.test.tsx"},{"assertionResults":[{"ancestorTitles":["GrowthCard"],"fullName":"GrowthCard 加载状态显示骨架屏","status":"passed","title":"加载状态显示骨架屏","duration":17.985400000000027,"failureMessages":[],"meta":{},"tags":[]},{"ancestorTitles":["GrowthCard"],"fullName":"GrowthCard 有历史记录时显示成长摘要","status":"passed","title":"有历史记录时显示成长摘要","duration":9.760499999999865,"failureMessages":[],"meta":{},"tags":[]},{"ancestorTitles":["GrowthCard"],"fullName":"GrowthCard 无历史记录时显示提示文案","status":"passed","title":"无历史记录时显示提示文案","duration":2.3244999999999436,"failureMessages":[],"meta":{},"tags":[]},{"ancestorTitles":["GrowthCard"],"fullName":"GrowthCard 始终显示'成长记录'标题","status":"passed","title":"始终显示'成长记录'标题","duration":2.092300000000023,"failureMessages":[],"meta":{},"tags":[]}],"startTime":1780549210104,"endTime":1780549210136.0923,"status":"passed","message":"","name":"D:/ai-teacher/yuesheng-writing-coach/src/renderer/components/diagnosis/GrowthCard.test.tsx"},{"assertionResults":[{"ancestorTitles":["AppSidebar"],"fullName":"AppSidebar 应该渲染侧栏容器","status":"passed","title":"应该渲染侧栏容器","duration":38.41159999999991,"failureMessages":[],"meta":{},"tags":[]},{"ancestorTitles":["AppSidebar"],"fullName":"AppSidebar 折叠时应渲染 aria-label 为折叠侧边栏","status":"passed","title":"折叠时应渲染 aria-label 为折叠侧边栏","duration":96.50630000000001,"failureMessages":[],"meta":{},"tags":[]},{"ancestorTitles":["AppSidebar"],"fullName":"AppSidebar 切换按钮点击应调用 onToggleCollapse","status":"passed","title":"切换按钮点击应调用 onToggleCollapse","duration":55.92669999999998,"failureMessages":[],"meta":{},"tags":[]},{"ancestorTitles":["AppSidebar"],"fullName":"AppSidebar 有会话时应显示会话列表标题","status":"passed","title":"有会话时应显示会话列表标题","duration":10.21180000000004,"failureMessages":[],"meta":{},"tags":[]}],"startTime":1780549210075,"endTime":1780549210276.212,"status":"passed","message":"","name":"D:/ai-teacher/yuesheng-writing-coach/src/renderer/components/layout/AppSidebar.test.tsx"},{"assertionResults":[{"ancestorTitles":["ChatStore","基础状态"],"fullName":"ChatStore 基础状态 初始状态为空","status":"passed","title":"初始状态为空","duration":2.0648999999998523,"failureMessages":[],"meta":{},"tags":[]},{"ancestorTitles":["ChatStore","addMessage"],"fullName":"ChatStore addMessage 添加消息到列表","status":"passed","title":"添加消息到列表","duration":0.9145000000000891,"failureMessages":[],"meta":{},"tags":[]},{"ancestorTitles":["ChatStore","appendToLastAssistant"],"fullName":"ChatStore appendToLastAssistant 追加内容到最后一条 assistant 消息","status":"passed","title":"追加内容到最后一条 assistant 消息","duration":0.30139999999983047,"failureMessages":[],"meta":{},"tags":[]},{"ancestorTitles":["ChatStore","appendToLastAssistant"],"fullName":"ChatStore appendToLastAssistant 多条 assistant 消息时追加到最后一条","status":"passed","title":"多条 assistant 消息时追加到最后一条","duration":0.2237999999999829,"failureMessages":[],"meta":{},"tags":[]},{"ancestorTitles":["ChatStore","sendMessage"],"fullName":"ChatStore sendMessage 发送消息创建 user + assistant 两条消息","status":"passed","title":"发送消息创建 user + assistant 两条消息","duration":0.9373000000000502,"failureMessages":[],"meta":{},"tags":[]},{"ancestorTitles":["ChatStore","sendMessage"],"fullName":"ChatStore sendMessage 发送时设置 isLoading = true","status":"passed","title":"发送时设置 isLoading = true","duration":0.32019999999988613,"failureMessages":[],"meta":{},"tags":[]},{"ancestorTitles":["ChatStore","sendMessage"],"fullName":"ChatStore sendMessage 发送完成后 isLoading 保持 true（由 stream end 事件处理）","status":"passed","title":"发送完成后 isLoading 保持 true（由 stream end 事件处理）","duration":0.22859999999991487,"failureMessages":[],"meta":{},"tags":[]},{"ancestorTitles":["ChatStore","sendMessage"],"fullName":"ChatStore sendMessage 发送时调用 IPC invoke 传递正确参数","status":"passed","title":"发送时调用 IPC invoke 传递正确参数","duration":1.55800000000022,"failureMessages":[],"meta":{},"tags":[]},{"ancestorTitles":["ChatStore","sendMessage"],"fullName":"ChatStore sendMessage 发送时传递当前 attitudeLevel","status":"passed","title":"发送时传递当前 attitudeLevel","duration":0.47850000000016735,"failureMessages":[],"meta":{},"tags":[]},{"ancestorTitles":["ChatStore","sendMessage"],"fullName":"ChatStore sendMessage attitudeLevel 默认值为 yuesheng","status":"passed","title":"attitudeLevel 默认值为 yuesheng","duration":0.3731999999999971,"failureMessages":[],"meta":{},"tags":[]},{"ancestorTitles":["ChatStore","sendMessage"],"fullName":"ChatStore sendMessage IPC 返回失败时移除空的 assistant 消息但保留 user 消息并设置错误","status":"passed","title":"IPC 返回失败时移除空的 assistant 消息但保留 user 消息并设置错误","duration":0.34590000000002874,"failureMessages":[],"meta":{},"tags":[]},{"ancestorTitles":["ChatStore","sendMessage"],"fullName":"ChatStore sendMessage IPC 抛出异常时移除空的 assistant 消息但保留 user 消息并设置错误","status":"passed","title":"IPC 抛出异常时移除空的 assistant 消息但保留 user 消息并设置错误","duration":0.40620000000012624,"failureMessages":[],"meta":{},"tags":[]},{"ancestorTitles":["ChatStore","sendMessage"],"fullName":"ChatStore sendMessage 空消息不发送","status":"passed","title":"空消息不发送","duration":0.2727999999999611,"failureMessages":[],"meta":{},"tags":[]},{"ancestorTitles":["ChatStore","sendMessage"],"fullName":"ChatStore sendMessage 空格消息不发送","status":"passed","title":"空格消息不发送","duration":0.11609999999996035,"failureMessages":[],"meta":{},"tags":[]},{"ancestorTitles":["ChatStore","sendMessage"],"fullName":"ChatStore sendMessage loading 状态下不发送新消息","status":"passed","title":"loading 状态下不发送新消息","duration":0.11030000000005202,"failureMessages":[],"meta":{},"tags":[]},{"ancestorTitles":["ChatStore","sendMessage"],"fullName":"ChatStore sendMessage 发送时传递历史消息（不包括刚添加的新消息）","status":"passed","title":"发送时传递历史消息（不包括刚添加的新消息）","duration":0.6118000000001302,"failureMessages":[],"meta":{},"tags":[]},{"ancestorTitles":["ChatStore","getHistory"],"fullName":"ChatStore getHistory 只返回 user 和 assistant 消息","status":"passed","title":"只返回 user 和 assistant 消息","duration":0.24279999999998836,"failureMessages":[],"meta":{},"tags":[]},{"ancestorTitles":["ChatStore","getHistory"],"fullName":"ChatStore getHistory 超过 20 条消息时截断","status":"passed","title":"超过 20 条消息时截断","duration":0.20980000000008658,"failureMessages":[],"meta":{},"tags":[]},{"ancestorTitles":["ChatStore","clearMessages"],"fullName":"ChatStore clearMessages 清空消息和错误","status":"passed","title":"清空消息和错误","duration":0.17020000000002256,"failureMessages":[],"meta":{},"tags":[]},{"ancestorTitles":["ChatStore","setLoading / setError"],"fullName":"ChatStore setLoading / setError 设置加载状态","status":"passed","title":"设置加载状态","duration":0.11410000000000764,"failureMessages":[],"meta":{},"tags":[]},{"ancestorTitles":["ChatStore","setLoading / setError"],"fullName":"ChatStore setLoading / setError 设置错误信息","status":"passed","title":"设置错误信息","duration":0.07939999999985048,"failureMessages":[],"meta":{},"tags":[]}],"startTime":1780549209982,"endTime":1780549209993.0793,"status":"passed","message":"","name":"D:/ai-teacher/yuesheng-writing-coach/src/renderer/stores/__tests__/chat.store.test.ts"},{"assertionResults":[{"ancestorTitles":["ConfigStore - attitudeLevel"],"fullName":"ConfigStore - attitudeLevel 默认 attitudeLevel 为 yuesheng","status":"passed","title":"默认 attitudeLevel 为 yuesheng","duration":1.5003999999998996,"failureMessages":[],"meta":{},"tags":[]},{"ancestorTitles":["ConfigStore - attitudeLevel"],"fullName":"ConfigStore - attitudeLevel setAttitudeLevel 更新状态并通过 IPC 持久化","status":"passed","title":"setAttitudeLevel 更新状态并通过 IPC 持久化","duration":1.885300000000143,"failureMessages":[],"meta":{},"tags":[]},{"ancestorTitles":["ConfigStore - attitudeLevel"],"fullName":"ConfigStore - attitudeLevel setAttitudeLevel 可切换回 yuesheng","status":"passed","title":"setAttitudeLevel 可切换回 yuesheng","duration":0.29130000000009204,"failureMessages":[],"meta":{},"tags":[]}],"startTime":1780549209971,"endTime":1780549209974.2913,"status":"passed","message":"","name":"D:/ai-teacher/yuesheng-writing-coach/src/renderer/stores/__tests__/config.store.test.ts"},{"assertionResults":[{"ancestorTitles":["SessionService"],"fullName":"SessionService createSession 应创建并返回新会话","status":"passed","title":"createSession 应创建并返回新会话","duration":3.717899999999986,"failureMessages":[],"meta":{},"tags":[]},{"ancestorTitles":["SessionService"],"fullName":"SessionService listSessions 应返回会话列表","status":"passed","title":"listSessions 应返回会话列表","duration":0.43650000000002365,"failureMessages":[],"meta":{},"tags":[]},{"ancestorTitles":["SessionService"],"fullName":"SessionService renameSession 应执行 UPDATE 语句","status":"passed","title":"renameSession 应执行 UPDATE 语句","duration":0.29160000000001673,"failureMessages":[],"meta":{},"tags":[]},{"ancestorTitles":["SessionService"],"fullName":"SessionService deleteSession 应执行 DELETE 语句","status":"passed","title":"deleteSession 应执行 DELETE 语句","duration":0.2016999999999598,"failureMessages":[],"meta":{},"tags":[]},{"ancestorTitles":["SessionService"],"fullName":"SessionService saveMessage 应保存并返回消息","status":"passed","title":"saveMessage 应保存并返回消息","duration":0.3269999999999982,"failureMessages":[],"meta":{},"tags":[]},{"ancestorTitles":["SessionService"],"fullName":"SessionService getMessages 应返回消息数组","status":"passed","title":"getMessages 应返回消息数组","duration":0.16639999999995325,"failureMessages":[],"meta":{},"tags":[]},{"ancestorTitles":["SessionService"],"fullName":"SessionService getOrCreateDefaultSession 无会话时应新建","status":"passed","title":"getOrCreateDefaultSession 无会话时应新建","duration":0.3926000000000158,"failureMessages":[],"meta":{},"tags":[]},{"ancestorTitles":["SessionService"],"fullName":"SessionService getOrCreateDefaultSession 有会话时应返回第一个","status":"passed","title":"getOrCreateDefaultSession 有会话时应返回第一个","duration":0.2155999999999949,"failureMessages":[],"meta":{},"tags":[]},{"ancestorTitles":["SessionService"],"fullName":"SessionService autoGenerateTitle 应从首条消息截取标题","status":"passed","title":"autoGenerateTitle 应从首条消息截取标题","duration":0.6272999999999911,"failureMessages":[],"meta":{},"tags":[]}],"startTime":1780549209337,"endTime":1780549209343.6272,"status":"passed","message":"","name":"D:/ai-teacher/yuesheng-writing-coach/src/main/services/session.service.test.ts"},{"assertionResults":[{"ancestorTitles":["ApiProxy","chatStream - 流式 SSE 解析"],"fullName":"ApiProxy chatStream - 流式 SSE 解析 正确解析单个 data chunk","status":"passed","title":"正确解析单个 data chunk","duration":20.69939999999997,"failureMessages":[],"meta":{},"tags":[]},{"ancestorTitles":["ApiProxy","chatStream - 流式 SSE 解析"],"fullName":"ApiProxy chatStream - 流式 SSE 解析 处理跨 chunk 的 SSE 行拆分","status":"passed","title":"处理跨 chunk 的 SSE 行拆分","duration":0.695699999999988,"failureMessages":[],"meta":{},"tags":[]},{"ancestorTitles":["ApiProxy","chatStream - 流式 SSE 解析"],"fullName":"ApiProxy chatStream - 流式 SSE 解析 跳过无 content 的 delta","status":"passed","title":"跳过无 content 的 delta","duration":0.46439999999995507,"failureMessages":[],"meta":{},"tags":[]},{"ancestorTitles":["ApiProxy","chatStream - 流式 SSE 解析"],"fullName":"ApiProxy chatStream - 流式 SSE 解析 静默跳过格式错误的 JSON chunk","status":"passed","title":"静默跳过格式错误的 JSON chunk","duration":0.5661999999999807,"failureMessages":[],"meta":{},"tags":[]},{"ancestorTitles":["ApiProxy","chatStream - 流式 SSE 解析"],"fullName":"ApiProxy chatStream - 流式 SSE 解析 跳过非 data: 开头的行","status":"passed","title":"跳过非 data: 开头的行","duration":0.45689999999990505,"failureMessages":[],"meta":{},"tags":[]},{"ancestorTitles":["ApiProxy","chatStream - 流式 SSE 解析"],"fullName":"ApiProxy chatStream - 流式 SSE 解析 长时间流式响应中累积多个 token","status":"passed","title":"长时间流式响应中累积多个 token","duration":0.40409999999997126,"failureMessages":[],"meta":{},"tags":[]},{"ancestorTitles":["ApiProxy","chatStream - HTTP 错误处理"],"fullName":"ApiProxy chatStream - HTTP 错误处理 401 认证失败时抛出明确错误","status":"passed","title":"401 认证失败时抛出明确错误","duration":2.795900000000074,"failureMessages":[],"meta":{},"tags":[]},{"ancestorTitles":["ApiProxy","chatStream - HTTP 错误处理"],"fullName":"ApiProxy chatStream - HTTP 错误处理 500 服务端错误时抛出明确错误","status":"passed","title":"500 服务端错误时抛出明确错误","duration":0.5377999999999474,"failureMessages":[],"meta":{},"tags":[]},{"ancestorTitles":["ApiProxy","chatStream - HTTP 错误处理"],"fullName":"ApiProxy chatStream - HTTP 错误处理 网络错误时抛出","status":"passed","title":"网络错误时抛出","duration":0.5028999999999542,"failureMessages":[],"meta":{},"tags":[]},{"ancestorTitles":["ApiProxy","chatStream - AbortController"],"fullName":"ApiProxy chatStream - AbortController AbortController 停止后抛出","status":"passed","title":"AbortController 停止后抛出","duration":25.423000000000002,"failureMessages":[],"meta":{},"tags":[]},{"ancestorTitles":["ApiProxy","chatStream - 响应体为空"],"fullName":"ApiProxy chatStream - 响应体为空 无 body 时抛出明确错误","status":"passed","title":"无 body 时抛出明确错误","duration":1.0740000000000691,"failureMessages":[],"meta":{},"tags":[]},{"ancestorTitles":["ApiProxy","testConnection"],"fullName":"ApiProxy testConnection 连接成功返回 success: true","status":"passed","title":"连接成功返回 success: true","duration":0.6697000000000344,"failureMessages":[],"meta":{},"tags":[]},{"ancestorTitles":["ApiProxy","testConnection"],"fullName":"ApiProxy testConnection HTTP 401 返回带错误信息的失败","status":"passed","title":"HTTP 401 返回带错误信息的失败","duration":0.4740000000000464,"failureMessages":[],"meta":{},"tags":[]},{"ancestorTitles":["ApiProxy","testConnection"],"fullName":"ApiProxy testConnection 网络错误返回带错误信息的失败","status":"passed","title":"网络错误返回带错误信息的失败","duration":0.5123999999999569,"failureMessages":[],"meta":{},"tags":[]},{"ancestorTitles":["ApiProxy","updateConfig"],"fullName":"ApiProxy updateConfig 更新配置后使用新 baseUrl","status":"passed","title":"更新配置后使用新 baseUrl","duration":2.2875999999999976,"failureMessages":[],"meta":{},"tags":[]}],"startTime":1780549209330,"endTime":1780549209388.2876,"status":"passed","message":"","name":"D:/ai-teacher/yuesheng-writing-coach/src/main/services/__tests__/api-proxy.test.ts"},{"assertionResults":[{"ancestorTitles":["parseDiagnosisFromAIResponse","正常解析"],"fullName":"parseDiagnosisFromAIResponse 正常解析 正确解析包含诊断表 JSON 的 AI 回复","status":"passed","title":"正确解析包含诊断表 JSON 的 AI 回复","duration":4.179399999999987,"failureMessages":[],"meta":{},"tags":[]},{"ancestorTitles":["parseDiagnosisFromAIResponse","正常解析"],"fullName":"parseDiagnosisFromAIResponse 正常解析 AI 同时回答问题和生成诊断表 - 端到端","status":"passed","title":"AI 同时回答问题和生成诊断表 - 端到端","duration":0.5652000000000044,"failureMessages":[],"meta":{},"tags":[]},{"ancestorTitles":["parseDiagnosisFromAIResponse","正常解析"],"fullName":"parseDiagnosisFromAIResponse 正常解析 正确解析新增症候 P009-P010","status":"passed","title":"正确解析新增症候 P009-P010","duration":0.5988999999999578,"failureMessages":[],"meta":{},"tags":[]},{"ancestorTitles":["parseDiagnosisFromAIResponse","边界情况"],"fullName":"parseDiagnosisFromAIResponse 边界情况 无诊断表标记时返回原始回复和 null","status":"passed","title":"无诊断表标记时返回原始回复和 null","duration":1.0153999999999996,"failureMessages":[],"meta":{},"tags":[]},{"ancestorTitles":["parseDiagnosisFromAIResponse","边界情况"],"fullName":"parseDiagnosisFromAIResponse 边界情况 仅存在开始标记但缺少结束标记时返回原始回复和 null","status":"passed","title":"仅存在开始标记但缺少结束标记时返回原始回复和 null","duration":0.29579999999998563,"failureMessages":[],"meta":{},"tags":[]},{"ancestorTitles":["parseDiagnosisFromAIResponse","边界情况"],"fullName":"parseDiagnosisFromAIResponse 边界情况 诊断表 JSON 格式错误时返回纯净回复和 null","status":"passed","title":"诊断表 JSON 格式错误时返回纯净回复和 null","duration":3.746399999999994,"failureMessages":[],"meta":{},"tags":[]},{"ancestorTitles":["parseDiagnosisFromAIResponse","边界情况"],"fullName":"parseDiagnosisFromAIResponse 边界情况 AI 回复为空字符串时返回空和 null","status":"passed","title":"AI 回复为空字符串时返回空和 null","duration":0.40210000000001855,"failureMessages":[],"meta":{},"tags":[]},{"ancestorTitles":["parseDiagnosisFromAIResponse","安全性过滤"],"fullName":"parseDiagnosisFromAIResponse 安全性过滤 不存在的病症 ID 被过滤","status":"passed","title":"不存在的病症 ID 被过滤","duration":0.4379999999999882,"failureMessages":[],"meta":{},"tags":[]},{"ancestorTitles":["parseDiagnosisFromAIResponse","安全性过滤"],"fullName":"parseDiagnosisFromAIResponse 安全性过滤 非法严重度等级被过滤","status":"passed","title":"非法严重度等级被过滤","duration":0.4089999999999918,"failureMessages":[],"meta":{},"tags":[]},{"ancestorTitles":["parseDiagnosisFromAIResponse","安全性过滤"],"fullName":"parseDiagnosisFromAIResponse 安全性过滤 所有枚举中的病症 ID 都应被认可","status":"passed","title":"所有枚举中的病症 ID 都应被认可","duration":0.5606000000000222,"failureMessages":[],"meta":{},"tags":[]},{"ancestorTitles":["parseDiagnosisFromAIResponse","值域裁剪"],"fullName":"parseDiagnosisFromAIResponse 值域裁剪 confidence 大值被裁剪到 1","status":"passed","title":"confidence 大值被裁剪到 1","duration":0.2505999999999631,"failureMessages":[],"meta":{},"tags":[]},{"ancestorTitles":["parseDiagnosisFromAIResponse","值域裁剪"],"fullName":"parseDiagnosisFromAIResponse 值域裁剪 confidence 负值被裁剪到 0","status":"passed","title":"confidence 负值被裁剪到 0","duration":0.17609999999990578,"failureMessages":[],"meta":{},"tags":[]},{"ancestorTitles":["parseDiagnosisFromAIResponse","值域裁剪"],"fullName":"parseDiagnosisFromAIResponse 值域裁剪 无病症但有建议动作时生成有效诊断条目","status":"passed","title":"无病症但有建议动作时生成有效诊断条目","duration":0.38369999999997617,"failureMessages":[],"meta":{},"tags":[]}],"startTime":1780549209391,"endTime":1780549209405.3838,"status":"passed","message":"","name":"D:/ai-teacher/yuesheng-writing-coach/src/main/services/__tests__/diagnosis-parser.test.ts"},{"assertionResults":[{"ancestorTitles":["DiagnosisService"],"fullName":"DiagnosisService 保存诊断结果到数据库","status":"passed","title":"保存诊断结果到数据库","duration":3.911699999999996,"failureMessages":[],"meta":{},"tags":[]},{"ancestorTitles":["DiagnosisService"],"fullName":"DiagnosisService 保存新增症候 P009-P010 的诊断结果","status":"passed","title":"保存新增症候 P009-P010 的诊断结果","duration":0.8197999999999865,"failureMessages":[],"meta":{},"tags":[]},{"ancestorTitles":["DiagnosisService"],"fullName":"DiagnosisService 按会话查询诊断结果","status":"passed","title":"按会话查询诊断结果","duration":0.5880000000000791,"failureMessages":[],"meta":{},"tags":[]},{"ancestorTitles":["DiagnosisService"],"fullName":"DiagnosisService 获取最近 N 条诊断结果","status":"passed","title":"获取最近 N 条诊断结果","duration":0.6919000000000324,"failureMessages":[],"meta":{},"tags":[]},{"ancestorTitles":["DiagnosisService"],"fullName":"DiagnosisService 按会话删除诊断结果","status":"passed","title":"按会话删除诊断结果","duration":0.823099999999954,"failureMessages":[],"meta":{},"tags":[]},{"ancestorTitles":["DiagnosisService"],"fullName":"DiagnosisService JSON 序列化/反序列化正确","status":"passed","title":"JSON 序列化/反序列化正确","duration":1.7060000000000173,"failureMessages":[],"meta":{},"tags":[]}],"startTime":1780549209350,"endTime":1780549209358.706,"status":"passed","message":"","name":"D:/ai-teacher/yuesheng-writing-coach/src/main/services/__tests__/diagnosis.service.test.ts"},{"assertionResults":[{"ancestorTitles":["EvidenceService","save"],"fullName":"EvidenceService save 插入一条证据记录到数据库中","status":"passed","title":"插入一条证据记录到数据库中","duration":3.678600000000074,"failureMessages":[],"meta":{},"tags":[]},{"ancestorTitles":["EvidenceService","save"],"fullName":"EvidenceService save 使用正确的 INSERT 列名","status":"passed","title":"使用正确的 INSERT 列名","duration":0.6099000000000387,"failureMessages":[],"meta":{},"tags":[]},{"ancestorTitles":["EvidenceService","save"],"fullName":"EvidenceService save 可以保存 type=pattern 和 level=4 的证据","status":"passed","title":"可以保存 type=pattern 和 level=4 的证据","duration":0.46690000000000964,"failureMessages":[],"meta":{},"tags":[]},{"ancestorTitles":["EvidenceService","getByDisease"],"fullName":"EvidenceService getByDisease 根据疾病 ID 和作品 ID 查询证据","status":"passed","title":"根据疾病 ID 和作品 ID 查询证据","duration":0.8490999999999076,"failureMessages":[],"meta":{},"tags":[]},{"ancestorTitles":["EvidenceService","getByDisease"],"fullName":"EvidenceService getByDisease 当提供 minLevel 时添加 level >= 过滤","status":"passed","title":"当提供 minLevel 时添加 level >= 过滤","duration":0.435799999999972,"failureMessages":[],"meta":{},"tags":[]},{"ancestorTitles":["EvidenceService","getByDisease"],"fullName":"EvidenceService getByDisease 当 minLevel 为 undefined 时不添加 level >= 过滤条件","status":"passed","title":"当 minLevel 为 undefined 时不添加 level >= 过滤条件","duration":0.27369999999996253,"failureMessages":[],"meta":{},"tags":[]},{"ancestorTitles":["EvidenceService","getByDisease"],"fullName":"EvidenceService getByDisease 当 minLevel 为 0 时仍添加过滤（语义上返回全部）","status":"passed","title":"当 minLevel 为 0 时仍添加过滤（语义上返回全部）","duration":0.15879999999992833,"failureMessages":[],"meta":{},"tags":[]},{"ancestorTitles":["EvidenceService","getByDisease"],"fullName":"EvidenceService getByDisease 结果按 level DESC, created_at ASC 排序","status":"passed","title":"结果按 level DESC, created_at ASC 排序","duration":0.11469999999997071,"failureMessages":[],"meta":{},"tags":[]},{"ancestorTitles":["EvidenceService","getByDisease"],"fullName":"EvidenceService getByDisease 没有匹配证据时返回空数组","status":"passed","title":"没有匹配证据时返回空数组","duration":0.2579999999999245,"failureMessages":[],"meta":{},"tags":[]},{"ancestorTitles":["EvidenceService","getByDisease"],"fullName":"EvidenceService getByDisease 将数据库行正确映射为 EvidenceRecord（camelCase）","status":"passed","title":"将数据库行正确映射为 EvidenceRecord（camelCase）","duration":0.3018000000000711,"failureMessages":[],"meta":{},"tags":[]},{"ancestorTitles":["EvidenceService","getByDisease"],"fullName":"EvidenceService getByDisease 返回多条匹配结果","status":"passed","title":"返回多条匹配结果","duration":0.2298999999999296,"failureMessages":[],"meta":{},"tags":[]},{"ancestorTitles":["EvidenceService","getByAbility"],"fullName":"EvidenceService getByAbility 根据能力 ID 和作者 ID 查询证据","status":"passed","title":"根据能力 ID 和作者 ID 查询证据","duration":0.3704000000000178,"failureMessages":[],"meta":{},"tags":[]},{"ancestorTitles":["EvidenceService","getByAbility"],"fullName":"EvidenceService getByAbility 当提供 fromDate 时添加 created_at >= 过滤","status":"passed","title":"当提供 fromDate 时添加 created_at >= 过滤","duration":0.19119999999998072,"failureMessages":[],"meta":{},"tags":[]},{"ancestorTitles":["EvidenceService","getByAbility"],"fullName":"EvidenceService getByAbility 当提供 toDate 时添加 created_at <= 过滤","status":"passed","title":"当提供 toDate 时添加 created_at <= 过滤","duration":0.12570000000005166,"failureMessages":[],"meta":{},"tags":[]},{"ancestorTitles":["EvidenceService","getByAbility"],"fullName":"EvidenceService getByAbility 同时提供 fromDate 和 toDate 时添加两个过滤","status":"passed","title":"同时提供 fromDate 和 toDate 时添加两个过滤","duration":0.1373999999999569,"failureMessages":[],"meta":{},"tags":[]},{"ancestorTitles":["EvidenceService","getByAbility"],"fullName":"EvidenceService getByAbility 结果按 created_at ASC 排序","status":"passed","title":"结果按 created_at ASC 排序","duration":0.08010000000001583,"failureMessages":[],"meta":{},"tags":[]},{"ancestorTitles":["EvidenceService","getByAbility"],"fullName":"EvidenceService getByAbility 没有匹配时返回空数组","status":"passed","title":"没有匹配时返回空数组","duration":0.08769999999992706,"failureMessages":[],"meta":{},"tags":[]},{"ancestorTitles":["EvidenceService","getChainForDiagnosis"],"fullName":"EvidenceService getChainForDiagnosis 返回包含 primaryEvidence 和 supportingEvidence 的证据链","status":"passed","title":"返回包含 primaryEvidence 和 supportingEvidence 的证据链","duration":0.39240000000006603,"failureMessages":[],"meta":{},"tags":[]},{"ancestorTitles":["EvidenceService","getChainForDiagnosis"],"fullName":"EvidenceService getChainForDiagnosis 将 level=3 的证据归类到 statistics","status":"passed","title":"将 level=3 的证据归类到 statistics","duration":0.2537000000000944,"failureMessages":[],"meta":{},"tags":[]},{"ancestorTitles":["EvidenceService","getChainForDiagnosis"],"fullName":"EvidenceService getChainForDiagnosis 将 relevance=contextual 归到 supportingEvidence","status":"passed","title":"将 relevance=contextual 归到 supportingEvidence","duration":0.41030000000000655,"failureMessages":[],"meta":{},"tags":[]},{"ancestorTitles":["EvidenceService","getChainForDiagnosis"],"fullName":"EvidenceService getChainForDiagnosis 使用 JOIN 查询 evidence 和 diagnosis_evidence 表","status":"passed","title":"使用 JOIN 查询 evidence 和 diagnosis_evidence 表","duration":0.20010000000002037,"failureMessages":[],"meta":{},"tags":[]},{"ancestorTitles":["EvidenceService","getChainForDiagnosis"],"fullName":"EvidenceService getChainForDiagnosis 没有关联证据时返回 null","status":"passed","title":"没有关联证据时返回 null","duration":0.12210000000004584,"failureMessages":[],"meta":{},"tags":[]},{"ancestorTitles":["EvidenceService","linkToDiagnosis"],"fullName":"EvidenceService linkToDiagnosis 插入诊断-证据关联记录","status":"passed","title":"插入诊断-证据关联记录","duration":0.24230000000000018,"failureMessages":[],"meta":{},"tags":[]},{"ancestorTitles":["EvidenceService","linkToDiagnosis"],"fullName":"EvidenceService linkToDiagnosis 支持 supporting 关联类型","status":"passed","title":"支持 supporting 关联类型","duration":0.1292999999999438,"failureMessages":[],"meta":{},"tags":[]},{"ancestorTitles":["EvidenceService","linkToDiagnosis"],"fullName":"EvidenceService linkToDiagnosis 支持 contextual 关联类型","status":"passed","title":"支持 contextual 关联类型","duration":0.09580000000005384,"failureMessages":[],"meta":{},"tags":[]},{"ancestorTitles":["EvidenceService","getEvidenceById"],"fullName":"EvidenceService getEvidenceById 根据证据 ID 查询单条证据","status":"passed","title":"根据证据 ID 查询单条证据","duration":0.30779999999992924,"failureMessages":[],"meta":{},"tags":[]},{"ancestorTitles":["EvidenceService","getEvidenceById"],"fullName":"EvidenceService getEvidenceById 证据不存在时返回 null","status":"passed","title":"证据不存在时返回 null","duration":0.1228000000000975,"failureMessages":[],"meta":{},"tags":[]},{"ancestorTitles":["EvidenceService","错误处理"],"fullName":"EvidenceService 错误处理 prepare 失败时所有方法抛出错误","status":"passed","title":"prepare 失败时所有方法抛出错误","duration":0.994899999999916,"failureMessages":[],"meta":{},"tags":[]},{"ancestorTitles":["EvidenceService","错误处理"],"fullName":"EvidenceService 错误处理 run 失败时 save / linkToDiagnosis 抛出错误","status":"passed","title":"run 失败时 save / linkToDiagnosis 抛出错误","duration":0.26720000000000255,"failureMessages":[],"meta":{},"tags":[]},{"ancestorTitles":["EvidenceService","错误处理"],"fullName":"EvidenceService 错误处理 all 失败时 getByDisease / getByAbility / getChainForDiagnosis 抛出错误","status":"passed","title":"all 失败时 getByDisease / getByAbility / getChainForDiagnosis 抛出错误","duration":0.36379999999996926,"failureMessages":[],"meta":{},"tags":[]},{"ancestorTitles":["EvidenceService","错误处理"],"fullName":"EvidenceService 错误处理 get 失败时 getEvidenceById 抛出错误","status":"passed","title":"get 失败时 getEvidenceById 抛出错误","duration":0.17070000000001073,"failureMessages":[],"meta":{},"tags":[]},{"ancestorTitles":["EvidenceService","多方法集成场景"],"fullName":"EvidenceService 多方法集成场景 保存证据后可通过 ID 查询到","status":"passed","title":"保存证据后可通过 ID 查询到","duration":0.18479999999999563,"failureMessages":[],"meta":{},"tags":[]},{"ancestorTitles":["EvidenceService","多方法集成场景"],"fullName":"EvidenceService 多方法集成场景 保存证据后可在疾病查询结果中找到","status":"passed","title":"保存证据后可在疾病查询结果中找到","duration":0.19660000000010314,"failureMessages":[],"meta":{},"tags":[]},{"ancestorTitles":["EvidenceService","多方法集成场景"],"fullName":"EvidenceService 多方法集成场景 关联证据后可获取完整证据链","status":"passed","title":"关联证据后可获取完整证据链","duration":0.21010000000001128,"failureMessages":[],"meta":{},"tags":[]}],"startTime":1780549209340,"endTime":1780549209354.2102,"status":"passed","message":"","name":"D:/ai-teacher/yuesheng-writing-coach/src/main/services/__tests__/evidence.service.test.ts"},{"assertionResults":[{"ancestorTitles":["teaching-state-machine","getPhaseName"],"fullName":"teaching-state-machine getPhaseName 返回正确的阶段中文名称","status":"passed","title":"返回正确的阶段中文名称","duration":1.5976000000000568,"failureMessages":[],"meta":{},"tags":[]},{"ancestorTitles":["teaching-state-machine","getSubphaseName"],"fullName":"teaching-state-machine getSubphaseName 返回正确的子阶段中文名称","status":"passed","title":"返回正确的子阶段中文名称","duration":0.2237999999999829,"failureMessages":[],"meta":{},"tags":[]},{"ancestorTitles":["teaching-state-machine","getNextPhase"],"fullName":"teaching-state-machine getNextPhase INIT → WORLD","status":"passed","title":"INIT → WORLD","duration":0.13269999999999982,"failureMessages":[],"meta":{},"tags":[]},{"ancestorTitles":["teaching-state-machine","getNextPhase"],"fullName":"teaching-state-machine getNextPhase WORLD → PRACTICE_LOOP","status":"passed","title":"WORLD → PRACTICE_LOOP","duration":0.10820000000001073,"failureMessages":[],"meta":{},"tags":[]},{"ancestorTitles":["teaching-state-machine","getNextPhase"],"fullName":"teaching-state-machine getNextPhase PRACTICE_LOOP 不自动离开","status":"passed","title":"PRACTICE_LOOP 不自动离开","duration":0.15010000000006585,"failureMessages":[],"meta":{},"tags":[]},{"ancestorTitles":["teaching-state-machine","getNextPhase"],"fullName":"teaching-state-machine getNextPhase REVIEW → PRACTICE_LOOP","status":"passed","title":"REVIEW → PRACTICE_LOOP","duration":0.09730000000001837,"failureMessages":[],"meta":{},"tags":[]},{"ancestorTitles":["teaching-state-machine","getFirstSubphaseOf"],"fullName":"teaching-state-machine getFirstSubphaseOf 返回 WORLD 阶段的第一个子阶段","status":"passed","title":"返回 WORLD 阶段的第一个子阶段","duration":0.11669999999992342,"failureMessages":[],"meta":{},"tags":[]},{"ancestorTitles":["teaching-state-machine","getFirstSubphaseOf"],"fullName":"teaching-state-machine getFirstSubphaseOf 返回 PRACTICE_LOOP 阶段的第一个子阶段","status":"passed","title":"返回 PRACTICE_LOOP 阶段的第一个子阶段","duration":0.09989999999993415,"failureMessages":[],"meta":{},"tags":[]},{"ancestorTitles":["teaching-state-machine","getFirstSubphaseOf"],"fullName":"teaching-state-machine getFirstSubphaseOf INIT 阶段无子阶段时抛出错误","status":"passed","title":"INIT 阶段无子阶段时抛出错误","duration":0.6533000000000584,"failureMessages":[],"meta":{},"tags":[]},{"ancestorTitles":["teaching-state-machine","getNextSubphase"],"fullName":"teaching-state-machine getNextSubphase 推进到下一个子阶段","status":"passed","title":"推进到下一个子阶段","duration":0.2217000000000553,"failureMessages":[],"meta":{},"tags":[]},{"ancestorTitles":["teaching-state-machine","getNextSubphase"],"fullName":"teaching-state-machine getNextSubphase 子阶段末尾返回 null","status":"passed","title":"子阶段末尾返回 null","duration":0.11400000000003274,"failureMessages":[],"meta":{},"tags":[]},{"ancestorTitles":["teaching-state-machine","getNextSubphase"],"fullName":"teaching-state-machine getNextSubphase 不存在的子阶段返回 null","status":"passed","title":"不存在的子阶段返回 null","duration":0.7481000000000222,"failureMessages":[],"meta":{},"tags":[]},{"ancestorTitles":["teaching-state-machine","calculatePhaseProgress"],"fullName":"teaching-state-machine calculatePhaseProgress WORLD 阶段第一个子阶段进度为 0.2","status":"passed","title":"WORLD 阶段第一个子阶段进度为 0.2","duration":0.13850000000002183,"failureMessages":[],"meta":{},"tags":[]},{"ancestorTitles":["teaching-state-machine","calculatePhaseProgress"],"fullName":"teaching-state-machine calculatePhaseProgress WORLD 阶段最后一个子阶段进度为 1","status":"passed","title":"WORLD 阶段最后一个子阶段进度为 1","duration":0.06110000000001037,"failureMessages":[],"meta":{},"tags":[]},{"ancestorTitles":["teaching-state-machine","calculatePhaseProgress"],"fullName":"teaching-state-machine calculatePhaseProgress PRACTICE_LOOP 第一阶段进度为 0.25","status":"passed","title":"PRACTICE_LOOP 第一阶段进度为 0.25","duration":0.04949999999996635,"failureMessages":[],"meta":{},"tags":[]},{"ancestorTitles":["teaching-state-machine","calculatePhaseProgress"],"fullName":"teaching-state-machine calculatePhaseProgress 不存在的子阶段返回 0","status":"passed","title":"不存在的子阶段返回 0","duration":0.04500000000007276,"failureMessages":[],"meta":{},"tags":[]}],"startTime":1780549209396,"endTime":1780549209401.1384,"status":"passed","message":"","name":"D:/ai-teacher/yuesheng-writing-coach/src/main/services/__tests__/teaching-state-machine.test.ts"},{"assertionResults":[{"ancestorTitles":["AbilityProfile Handler","ability:getProfile"],"fullName":"AbilityProfile Handler ability:getProfile 返回能力画像","status":"passed","title":"返回能力画像","duration":4.300299999999993,"failureMessages":[],"meta":{},"tags":[]},{"ancestorTitles":["AbilityProfile Handler","ability:getProfile"],"fullName":"AbilityProfile Handler ability:getProfile 服务未初始化时返回 null","status":"passed","title":"服务未初始化时返回 null","duration":1.070600000000013,"failureMessages":[],"meta":{},"tags":[]}],"startTime":1780549209367,"endTime":1780549209373.0706,"status":"passed","message":"","name":"D:/ai-teacher/yuesheng-writing-coach/src/main/ipc/__tests__/ability-profile-flow.test.ts"},{"assertionResults":[{"ancestorTitles":["Config Handler","config:get"],"fullName":"Config Handler config:get 返回指定配置键的值","status":"passed","title":"返回指定配置键的值","duration":2.6820000000000164,"failureMessages":[],"meta":{},"tags":[]},{"ancestorTitles":["Config Handler","config:get"],"fullName":"Config Handler config:get 返回模型配置值","status":"passed","title":"返回模型配置值","duration":0.5656999999999925,"failureMessages":[],"meta":{},"tags":[]},{"ancestorTitles":["Config Handler","config:set"],"fullName":"Config Handler config:set 设置配置值","status":"passed","title":"设置配置值","duration":1.6076000000000477,"failureMessages":[],"meta":{},"tags":[]},{"ancestorTitles":["Config Handler","config:testConnection"],"fullName":"Config Handler config:testConnection 测试 API 连接","status":"passed","title":"测试 API 连接","duration":0.5197000000000571,"failureMessages":[],"meta":{},"tags":[]}],"startTime":1780549209367,"endTime":1780549209373.5198,"status":"passed","message":"","name":"D:/ai-teacher/yuesheng-writing-coach/src/main/ipc/__tests__/config-flow.test.ts"},{"assertionResults":[{"ancestorTitles":["诊断 Handler 集成测试","diagnosis:query"],"fullName":"诊断 Handler 集成测试 diagnosis:query 会话存在时返回活跃问题列表","status":"passed","title":"会话存在时返回活跃问题列表","duration":3.969799999999964,"failureMessages":[],"meta":{},"tags":[]},{"ancestorTitles":["诊断 Handler 集成测试","diagnosis:query"],"fullName":"诊断 Handler 集成测试 diagnosis:query 会话不存在时返回 null","status":"passed","title":"会话不存在时返回 null","duration":0.4089000000000169,"failureMessages":[],"meta":{},"tags":[]},{"ancestorTitles":["诊断 Handler 集成测试","diagnosis:getComparison"],"fullName":"诊断 Handler 集成测试 diagnosis:getComparison 有两次诊断时返回对比数据","status":"passed","title":"有两次诊断时返回对比数据","duration":0.7275999999999385,"failureMessages":[],"meta":{},"tags":[]},{"ancestorTitles":["诊断 Handler 集成测试","diagnosis:getComparison"],"fullName":"诊断 Handler 集成测试 diagnosis:getComparison 仅有一次诊断时返回 hasHistory=false","status":"passed","title":"仅有一次诊断时返回 hasHistory=false","duration":0.3140000000000782,"failureMessages":[],"meta":{},"tags":[]},{"ancestorTitles":["诊断 Handler 集成测试","diagnosis:getComparison"],"fullName":"诊断 Handler 集成测试 diagnosis:getComparison 诊断服务未初始化时友好返回","status":"passed","title":"诊断服务未初始化时友好返回","duration":0.2867999999999711,"failureMessages":[],"meta":{},"tags":[]},{"ancestorTitles":["诊断 Handler 集成测试","diagnosis:submitRewrite"],"fullName":"诊断 Handler 集成测试 diagnosis:submitRewrite 成功提交修改并返回评估","status":"passed","title":"成功提交修改并返回评估","duration":1.509900000000016,"failureMessages":[],"meta":{},"tags":[]},{"ancestorTitles":["诊断 Handler 集成测试","diagnosis:submitRewrite"],"fullName":"诊断 Handler 集成测试 diagnosis:submitRewrite 缺少 syndromeName 时仍能处理","status":"passed","title":"缺少 syndromeName 时仍能处理","duration":0.782100000000014,"failureMessages":[],"meta":{},"tags":[]},{"ancestorTitles":["诊断 Handler 集成测试","processDiagnosisFromAI 流程"],"fullName":"诊断 Handler 集成测试 processDiagnosisFromAI 流程 从 AI 回复中解析诊断并推送","status":"passed","title":"从 AI 回复中解析诊断并推送","duration":4.376599999999939,"failureMessages":[],"meta":{},"tags":[]},{"ancestorTitles":["诊断 Handler 集成测试","processDiagnosisFromAI 流程"],"fullName":"诊断 Handler 集成测试 processDiagnosisFromAI 流程 解析无诊断结果时不触发流程","status":"passed","title":"解析无诊断结果时不触发流程","duration":1.3496000000000095,"failureMessages":[],"meta":{},"tags":[]},{"ancestorTitles":["诊断 Handler 集成测试","processDiagnosisFromAI 流程"],"fullName":"诊断 Handler 集成测试 processDiagnosisFromAI 流程 Store 未初始化时提前返回","status":"passed","title":"Store 未初始化时提前返回","duration":1.0235000000000127,"failureMessages":[],"meta":{},"tags":[]},{"ancestorTitles":["诊断 Handler 集成测试","processDiagnosisFromAI 流程"],"fullName":"诊断 Handler 集成测试 processDiagnosisFromAI 流程 合并诊断结果到 TeachingState","status":"passed","title":"合并诊断结果到 TeachingState","duration":1.3657000000000608,"failureMessages":[],"meta":{},"tags":[]}],"startTime":1780549209390,"endTime":1780549209406.3657,"status":"passed","message":"","name":"D:/ai-teacher/yuesheng-writing-coach/src/main/ipc/__tests__/diagnosis-flow.test.ts"},{"assertionResults":[{"ancestorTitles":["Evidence Handler","evidence:getByDisease"],"fullName":"Evidence Handler evidence:getByDisease 按症候查询证据","status":"passed","title":"按症候查询证据","duration":4.5400999999999385,"failureMessages":[],"meta":{},"tags":[]},{"ancestorTitles":["Evidence Handler","evidence:getByDisease"],"fullName":"Evidence Handler evidence:getByDisease 服务未初始化时返回空数组","status":"passed","title":"服务未初始化时返回空数组","duration":0.7735000000000127,"failureMessages":[],"meta":{},"tags":[]},{"ancestorTitles":["Evidence Handler","evidence:getByAbility"],"fullName":"Evidence Handler evidence:getByAbility 按能力查询证据","status":"passed","title":"按能力查询证据","duration":0.6255999999999631,"failureMessages":[],"meta":{},"tags":[]},{"ancestorTitles":["Evidence Handler","evidence:getChain"],"fullName":"Evidence Handler evidence:getChain 返回诊断证据链","status":"passed","title":"返回诊断证据链","duration":0.4863000000000284,"failureMessages":[],"meta":{},"tags":[]},{"ancestorTitles":["Evidence Handler","evidence:getChain"],"fullName":"Evidence Handler evidence:getChain 服务未初始化时返回 null","status":"passed","title":"服务未初始化时返回 null","duration":0.30900000000008276,"failureMessages":[],"meta":{},"tags":[]},{"ancestorTitles":["Evidence Handler","evidence:create"],"fullName":"Evidence Handler evidence:create 创建证据成功返回","status":"passed","title":"创建证据成功返回","duration":1.1679000000000315,"failureMessages":[],"meta":{},"tags":[]},{"ancestorTitles":["Evidence Handler","evidence:create"],"fullName":"Evidence Handler evidence:create 服务未初始化时返回错误","status":"passed","title":"服务未初始化时返回错误","duration":0.316599999999994,"failureMessages":[],"meta":{},"tags":[]}],"startTime":1780549209364,"endTime":1780549209372.3167,"status":"passed","message":"","name":"D:/ai-teacher/yuesheng-writing-coach/src/main/ipc/__tests__/evidence-flow.test.ts"},{"assertionResults":[{"ancestorTitles":["全链路 Wire Mock 测试（基于《修仙传》）","场景1：提交长文本 → 诊断分析 → 教学回复"],"fullName":"全链路 Wire Mock 测试（基于《修仙传》） 场景1：提交长文本 → 诊断分析 → 教学回复 带诊断分析的完整流程","status":"passed","title":"带诊断分析的完整流程","duration":28.291799999999967,"failureMessages":[],"meta":{},"tags":[]},{"ancestorTitles":["全链路 Wire Mock 测试（基于《修仙传》）","场景1：提交长文本 → 诊断分析 → 教学回复"],"fullName":"全链路 Wire Mock 测试（基于《修仙传》） 场景1：提交长文本 → 诊断分析 → 教学回复 诊断分析结果通过 diagnosis:update 推送到前端","status":"passed","title":"诊断分析结果通过 diagnosis:update 推送到前端","duration":2.3981999999999744,"failureMessages":[],"meta":{},"tags":[]},{"ancestorTitles":["全链路 Wire Mock 测试（基于《修仙传》）","场景1：提交长文本 → 诊断分析 → 教学回复"],"fullName":"全链路 Wire Mock 测试（基于《修仙传》） 场景1：提交长文本 → 诊断分析 → 教学回复 完整诊断数据结构和内容正确","status":"passed","title":"完整诊断数据结构和内容正确","duration":2.425799999999981,"failureMessages":[],"meta":{},"tags":[]},{"ancestorTitles":["全链路 Wire Mock 测试（基于《修仙传》）","场景1：提交长文本 → 诊断分析 → 教学回复"],"fullName":"全链路 Wire Mock 测试（基于《修仙传》） 场景1：提交长文本 → 诊断分析 → 教学回复 流式数据通过 chat:stream:data 转发","status":"passed","title":"流式数据通过 chat:stream:data 转发","duration":2.1749999999999545,"failureMessages":[],"meta":{},"tags":[]},{"ancestorTitles":["全链路 Wire Mock 测试（基于《修仙传》）","场景1：提交长文本 → 诊断分析 → 教学回复"],"fullName":"全链路 Wire Mock 测试（基于《修仙传》） 场景1：提交长文本 → 诊断分析 → 教学回复 chat:stream:end 在流结束后发送","status":"passed","title":"chat:stream:end 在流结束后发送","duration":2.5979999999999563,"failureMessages":[],"meta":{},"tags":[]},{"ancestorTitles":["全链路 Wire Mock 测试（基于《修仙传》）","场景2：旧格式诊断标记（---DIAGNOSIS_START---）的兼容处理"],"fullName":"全链路 Wire Mock 测试（基于《修仙传》） 场景2：旧格式诊断标记（---DIAGNOSIS_START---）的兼容处理 Teaching Agent 回复中的诊断标记被 processDiagnosisFromAI 解析","status":"passed","title":"Teaching Agent 回复中的诊断标记被 processDiagnosisFromAI 解析","duration":1.709100000000035,"failureMessages":[],"meta":{},"tags":[]},{"ancestorTitles":["全链路 Wire Mock 测试（基于《修仙传》）","场景3：短文本不触发诊断分析"],"fullName":"全链路 Wire Mock 测试（基于《修仙传》） 场景3：短文本不触发诊断分析 100字以下的短文本跳过 Diagnosis Agent","status":"passed","title":"100字以下的短文本跳过 Diagnosis Agent","duration":1.2928999999999178,"failureMessages":[],"meta":{},"tags":[]},{"ancestorTitles":["全链路 Wire Mock 测试（基于《修仙传》）","场景4：错误处理"],"fullName":"全链路 Wire Mock 测试（基于《修仙传》） 场景4：错误处理 API 失败时返回错误且不崩溃","status":"passed","title":"API 失败时返回错误且不崩溃","duration":4.412599999999998,"failureMessages":[],"meta":{},"tags":[]},{"ancestorTitles":["全链路 Wire Mock 测试（基于《修仙传》）","场景4：错误处理"],"fullName":"全链路 Wire Mock 测试（基于《修仙传》） 场景4：错误处理 非 200 响应时返回错误","status":"passed","title":"非 200 响应时返回错误","duration":6.129200000000083,"failureMessages":[],"meta":{},"tags":[]},{"ancestorTitles":["全链路 Wire Mock 测试（基于《修仙传》）","场景5：修改原文 → 评估流程"],"fullName":"全链路 Wire Mock 测试（基于《修仙传》） 场景5：修改原文 → 评估流程 原文修改通过 wire mock 调用评估 API","status":"passed","title":"原文修改通过 wire mock 调用评估 API","duration":2.0978000000000065,"failureMessages":[],"meta":{},"tags":[]},{"ancestorTitles":["全链路 Wire Mock 测试（基于《修仙传》）","场景6：训练计划关联"],"fullName":"全链路 Wire Mock 测试（基于《修仙传》） 场景6：训练计划关联 诊断症候映射到正确技法","status":"passed","title":"诊断症候映射到正确技法","duration":0.41399999999998727,"failureMessages":[],"meta":{},"tags":[]},{"ancestorTitles":["全链路 Wire Mock 测试（基于《修仙传》）","场景7：多轮对话（协作式）"],"fullName":"全链路 Wire Mock 测试（基于《修仙传》） 场景7：多轮对话（协作式） 用户在诊断后提交改写练习，系统继续教学","status":"passed","title":"用户在诊断后提交改写练习，系统继续教学","duration":2.1766000000000076,"failureMessages":[],"meta":{},"tags":[]}],"startTime":1780549209418,"endTime":1780549209475.1765,"status":"passed","message":"","name":"D:/ai-teacher/yuesheng-writing-coach/src/main/ipc/__tests__/full-flow.wiremock.test.ts"},{"assertionResults":[{"ancestorTitles":["mergeSyndromesIntoState - TeachingState 合并逻辑","新增病症"],"fullName":"mergeSyndromesIntoState - TeachingState 合并逻辑 新增病症 空状态时添加第一个病症","status":"passed","title":"空状态时添加第一个病症","duration":2.5681999999999334,"failureMessages":[],"meta":{},"tags":[]},{"ancestorTitles":["mergeSyndromesIntoState - TeachingState 合并逻辑","新增病症"],"fullName":"mergeSyndromesIntoState - TeachingState 合并逻辑 新增病症 已有病症列表时追加新病症","status":"passed","title":"已有病症列表时追加新病症","duration":0.5831000000000586,"failureMessages":[],"meta":{},"tags":[]},{"ancestorTitles":["mergeSyndromesIntoState - TeachingState 合并逻辑","新增病症"],"fullName":"mergeSyndromesIntoState - TeachingState 合并逻辑 新增病症 新增症候 P009-P010 被正确合并","status":"passed","title":"新增症候 P009-P010 被正确合并","duration":0.2804999999999609,"failureMessages":[],"meta":{},"tags":[]},{"ancestorTitles":["mergeSyndromesIntoState - TeachingState 合并逻辑","更新已有病症"],"fullName":"mergeSyndromesIntoState - TeachingState 合并逻辑 更新已有病症 严重度不变的已有病症保持 active 状态","status":"passed","title":"严重度不变的已有病症保持 active 状态","duration":0.6598999999999933,"failureMessages":[],"meta":{},"tags":[]},{"ancestorTitles":["mergeSyndromesIntoState - TeachingState 合并逻辑","更新已有病症"],"fullName":"mergeSyndromesIntoState - TeachingState 合并逻辑 更新已有病症 严重度降低的病症状态变为 improving","status":"passed","title":"严重度降低的病症状态变为 improving","duration":0.280399999999986,"failureMessages":[],"meta":{},"tags":[]},{"ancestorTitles":["mergeSyndromesIntoState - TeachingState 合并逻辑","多病症并发诊断"],"fullName":"mergeSyndromesIntoState - TeachingState 合并逻辑 多病症并发诊断 3个病症同时识别的完整合并","status":"passed","title":"3个病症同时识别的完整合并","duration":0.3105000000000473,"failureMessages":[],"meta":{},"tags":[]},{"ancestorTitles":["mergeSyndromesIntoState - TeachingState 合并逻辑","动作去重"],"fullName":"mergeSyndromesIntoState - TeachingState 合并逻辑 动作去重 suggestedActions 合并后自动去重","status":"passed","title":"suggestedActions 合并后自动去重","duration":0.3288000000000011,"failureMessages":[],"meta":{},"tags":[]}],"startTime":1780549209501,"endTime":1780549209506.3289,"status":"passed","message":"","name":"D:/ai-teacher/yuesheng-writing-coach/src/main/ipc/__tests__/merge-diagnosis.test.ts"},{"assertionResults":[{"ancestorTitles":["Session Handler","session:list"],"fullName":"Session Handler session:list 返回会话列表","status":"passed","title":"返回会话列表","duration":3.2041999999999007,"failureMessages":[],"meta":{},"tags":[]},{"ancestorTitles":["Session Handler","session:list"],"fullName":"Session Handler session:list 无消息的会话 lastMessage 为 undefined","status":"passed","title":"无消息的会话 lastMessage 为 undefined","duration":0.5064000000000988,"failureMessages":[],"meta":{},"tags":[]},{"ancestorTitles":["Session Handler","session:create"],"fullName":"Session Handler session:create 创建新会话并返回","status":"passed","title":"创建新会话并返回","duration":0.3867000000000189,"failureMessages":[],"meta":{},"tags":[]},{"ancestorTitles":["Session Handler","session:delete"],"fullName":"Session Handler session:delete 删除指定会话","status":"passed","title":"删除指定会话","duration":0.9401000000000295,"failureMessages":[],"meta":{},"tags":[]},{"ancestorTitles":["Session Handler","session:rename"],"fullName":"Session Handler session:rename 重命名会话","status":"passed","title":"重命名会话","duration":0.3894000000000233,"failureMessages":[],"meta":{},"tags":[]},{"ancestorTitles":["Session Handler","session:getMessages"],"fullName":"Session Handler session:getMessages 返回会话消息","status":"passed","title":"返回会话消息","duration":0.37610000000006494,"failureMessages":[],"meta":{},"tags":[]}],"startTime":1780549209369,"endTime":1780549209375.3894,"status":"passed","message":"","name":"D:/ai-teacher/yuesheng-writing-coach/src/main/ipc/__tests__/session-flow.test.ts"},{"assertionResults":[{"ancestorTitles":["教学状态 Handler","teachingState:get"],"fullName":"教学状态 Handler teachingState:get 会话无状态时返回默认初始化状态","status":"passed","title":"会话无状态时返回默认初始化状态","duration":77.75599999999997,"failureMessages":[],"meta":{},"tags":[]},{"ancestorTitles":["教学状态 Handler","teachingState:get"],"fullName":"教学状态 Handler teachingState:get 会话已有状态时返回存储的状态","status":"passed","title":"会话已有状态时返回存储的状态","duration":2.328100000000063,"failureMessages":[],"meta":{},"tags":[]},{"ancestorTitles":["教学状态 Handler","teachingState:confirm"],"fullName":"教学状态 Handler teachingState:confirm 确认后推进到下一阶段","status":"passed","title":"确认后推进到下一阶段","duration":1.600500000000011,"failureMessages":[],"meta":{},"tags":[]},{"ancestorTitles":["教学状态 Handler","teachingState:confirm"],"fullName":"教学状态 Handler teachingState:confirm 不存在的会话返回 null","status":"passed","title":"不存在的会话返回 null","duration":0.28319999999996526,"failureMessages":[],"meta":{},"tags":[]}],"startTime":1780549209311,"endTime":1780549209393.2832,"status":"passed","message":"","name":"D:/ai-teacher/yuesheng-writing-coach/src/main/ipc/__tests__/teaching-state-flow.test.ts"}]}