{"numTotalTestSuites":105,"numPassedTestSuites":105,"numFailedTestSuites":0,"numPendingTestSuites":0,"numTotalTests":214,"numPassedTests":214,"numFailedTests":0,"numPendingTests":0,"numTodoTests":0,"snapshot":{"added":0,"failure":false,"filesAdded":0,"filesRemoved":0,"filesRemovedList":[],"filesUnmatched":0,"filesUpdated":0,"matched":0,"total":0,"unchecked":0,"uncheckedKeysByFile":[],"unmatched":0,"updated":0,"didUpdate":false},"startTime":1780568015672,"success":true,"testResults":[{"assertionResults":[{"ancestorTitles":["SessionService"],"fullName":"SessionService createSession 应创建并返回新会话","status":"passed","title":"createSession 应创建并返回新会话","duration":6.593900000000076,"failureMessages":[],"meta":{},"tags":[]},{"ancestorTitles":["SessionService"],"fullName":"SessionService listSessions 应返回会话列表","status":"passed","title":"listSessions 应返回会话列表","duration":0.7734000000000378,"failureMessages":[],"meta":{},"tags":[]},{"ancestorTitles":["SessionService"],"fullName":"SessionService renameSession 应执行 UPDATE 语句","status":"passed","title":"renameSession 应执行 UPDATE 语句","duration":0.5502999999999929,"failureMessages":[],"meta":{},"tags":[]},{"ancestorTitles":["SessionService"],"fullName":"SessionService deleteSession 应执行 DELETE 语句","status":"passed","title":"deleteSession 应执行 DELETE 语句","duration":0.39549999999997,"failureMessages":[],"meta":{},"tags":[]},{"ancestorTitles":["SessionService"],"fullName":"SessionService saveMessage 应保存并返回消息","status":"passed","title":"saveMessage 应保存并返回消息","duration":0.6947999999999865,"failureMessages":[],"meta":{},"tags":[]},{"ancestorTitles":["SessionService"],"fullName":"SessionService getMessages 应返回消息数组","status":"passed","title":"getMessages 应返回消息数组","duration":0.31920000000002346,"failureMessages":[],"meta":{},"tags":[]},{"ancestorTitles":["SessionService"],"fullName":"SessionService getOrCreateDefaultSession 无会话时应新建","status":"passed","title":"getOrCreateDefaultSession 无会话时应新建","duration":0.346300000000042,"failureMessages":[],"meta":{},"tags":[]},{"ancestorTitles":["SessionService"],"fullName":"SessionService getOrCreateDefaultSession 有会话时应返回第一个","status":"passed","title":"getOrCreateDefaultSession 有会话时应返回第一个","duration":0.31100000000003547,"failureMessages":[],"meta":{},"tags":[]},{"ancestorTitles":["SessionService"],"fullName":"SessionService autoGenerateTitle 应从首条消息截取标题","status":"passed","title":"autoGenerateTitle 应从首条消息截取标题","duration":1.1923000000000457,"failureMessages":[],"meta":{},"tags":[]}],"startTime":1780568016699,"endTime":1780568016710.1924,"status":"passed","message":"","name":"D:/ai-teacher/yuesheng-writing-coach/src/main/services/session.service.test.ts"},{"assertionResults":[{"ancestorTitles":["AbilityProfile Handler","ability:getProfile"],"fullName":"AbilityProfile Handler ability:getProfile 返回能力画像","status":"passed","title":"返回能力画像","duration":6.166300000000092,"failureMessages":[],"meta":{},"tags":[]},{"ancestorTitles":["AbilityProfile Handler","ability:getProfile"],"fullName":"AbilityProfile Handler ability:getProfile 服务未初始化时返回 null","status":"passed","title":"服务未初始化时返回 null","duration":1.8179000000000087,"failureMessages":[],"meta":{},"tags":[]}],"startTime":1780568016757,"endTime":1780568016764.8179,"status":"passed","message":"","name":"D:/ai-teacher/yuesheng-writing-coach/src/main/ipc/__tests__/ability-profile-flow.test.ts"},{"assertionResults":[{"ancestorTitles":["Config Handler","config:get"],"fullName":"Config Handler config:get 返回指定配置键的值","status":"passed","title":"返回指定配置键的值","duration":5.775500000000079,"failureMessages":[],"meta":{},"tags":[]},{"ancestorTitles":["Config Handler","config:get"],"fullName":"Config Handler config:get 返回模型配置值","status":"passed","title":"返回模型配置值","duration":1.0429000000000315,"failureMessages":[],"meta":{},"tags":[]},{"ancestorTitles":["Config Handler","config:set"],"fullName":"Config Handler config:set 设置配置值","status":"passed","title":"设置配置值","duration":3.0559999999999263,"failureMessages":[],"meta":{},"tags":[]},{"ancestorTitles":["Config Handler","config:testConnection"],"fullName":"Config Handler config:testConnection 测试 API 连接","status":"passed","title":"测试 API 连接","duration":1.1615000000000464,"failureMessages":[],"meta":{},"tags":[]}],"startTime":1780568016728,"endTime":1780568016740.1616,"status":"passed","message":"","name":"D:/ai-teacher/yuesheng-writing-coach/src/main/ipc/__tests__/config-flow.test.ts"},{"assertionResults":[{"ancestorTitles":["诊断 Handler 集成测试","diagnosis:query"],"fullName":"诊断 Handler 集成测试 diagnosis:query 会话存在时返回活跃问题列表","status":"passed","title":"会话存在时返回活跃问题列表","duration":6.317000000000007,"failureMessages":[],"meta":{},"tags":[]},{"ancestorTitles":["诊断 Handler 集成测试","diagnosis:query"],"fullName":"诊断 Handler 集成测试 diagnosis:query 会话不存在时返回 null","status":"passed","title":"会话不存在时返回 null","duration":0.9802999999999429,"failureMessages":[],"meta":{},"tags":[]},{"ancestorTitles":["诊断 Handler 集成测试","diagnosis:getComparison"],"fullName":"诊断 Handler 集成测试 diagnosis:getComparison 有两次诊断时返回对比数据","status":"passed","title":"有两次诊断时返回对比数据","duration":1.6440000000000055,"failureMessages":[],"meta":{},"tags":[]},{"ancestorTitles":["诊断 Handler 集成测试","diagnosis:getComparison"],"fullName":"诊断 Handler 集成测试 diagnosis:getComparison 仅有一次诊断时返回 hasHistory=false","status":"passed","title":"仅有一次诊断时返回 hasHistory=false","duration":0.7376000000001568,"failureMessages":[],"meta":{},"tags":[]},{"ancestorTitles":["诊断 Handler 集成测试","diagnosis:getComparison"],"fullName":"诊断 Handler 集成测试 diagnosis:getComparison 诊断服务未初始化时友好返回","status":"passed","title":"诊断服务未初始化时友好返回","duration":0.626700000000028,"failureMessages":[],"meta":{},"tags":[]},{"ancestorTitles":["诊断 Handler 集成测试","diagnosis:submitRewrite"],"fullName":"诊断 Handler 集成测试 diagnosis:submitRewrite 成功提交修改并返回评估","status":"passed","title":"成功提交修改并返回评估","duration":3.9401000000000295,"failureMessages":[],"meta":{},"tags":[]},{"ancestorTitles":["诊断 Handler 集成测试","diagnosis:submitRewrite"],"fullName":"诊断 Handler 集成测试 diagnosis:submitRewrite 缺少 syndromeName 时仍能处理","status":"passed","title":"缺少 syndromeName 时仍能处理","duration":1.6825999999998658,"failureMessages":[],"meta":{},"tags":[]},{"ancestorTitles":["诊断 Handler 集成测试","processDiagnosisFromAI 流程"],"fullName":"诊断 Handler 集成测试 processDiagnosisFromAI 流程 从 AI 回复中解析诊断并推送","status":"passed","title":"从 AI 回复中解析诊断并推送","duration":4.641400000000203,"failureMessages":[],"meta":{},"tags":[]},{"ancestorTitles":["诊断 Handler 集成测试","processDiagnosisFromAI 流程"],"fullName":"诊断 Handler 集成测试 processDiagnosisFromAI 流程 解析无诊断结果时不触发流程","status":"passed","title":"解析无诊断结果时不触发流程","duration":1.1142999999999574,"failureMessages":[],"meta":{},"tags":[]},{"ancestorTitles":["诊断 Handler 集成测试","processDiagnosisFromAI 流程"],"fullName":"诊断 Handler 集成测试 processDiagnosisFromAI 流程 Store 未初始化时提前返回","status":"passed","title":"Store 未初始化时提前返回","duration":0.9702000000002045,"failureMessages":[],"meta":{},"tags":[]},{"ancestorTitles":["诊断 Handler 集成测试","processDiagnosisFromAI 流程"],"fullName":"诊断 Handler 集成测试 processDiagnosisFromAI 流程 合并诊断结果到 TeachingState","status":"passed","title":"合并诊断结果到 TeachingState","duration":1.2566999999999098,"failureMessages":[],"meta":{},"tags":[]}],"startTime":1780568016796,"endTime":1780568016821.2566,"status":"passed","message":"","name":"D:/ai-teacher/yuesheng-writing-coach/src/main/ipc/__tests__/diagnosis-flow.test.ts"},{"assertionResults":[{"ancestorTitles":["Evidence Handler","evidence:getByDisease"],"fullName":"Evidence Handler evidence:getByDisease 按症候查询证据","status":"passed","title":"按症候查询证据","duration":9.551899999999932,"failureMessages":[],"meta":{},"tags":[]},{"ancestorTitles":["Evidence Handler","evidence:getByDisease"],"fullName":"Evidence Handler evidence:getByDisease 服务未初始化时返回空数组","status":"passed","title":"服务未初始化时返回空数组","duration":1.524900000000116,"failureMessages":[],"meta":{},"tags":[]},{"ancestorTitles":["Evidence Handler","evidence:getByAbility"],"fullName":"Evidence Handler evidence:getByAbility 按能力查询证据","status":"passed","title":"按能力查询证据","duration":0.7638999999999214,"failureMessages":[],"meta":{},"tags":[]},{"ancestorTitles":["Evidence Handler","evidence:getChain"],"fullName":"Evidence Handler evidence:getChain 返回诊断证据链","status":"passed","title":"返回诊断证据链","duration":0.7563000000000102,"failureMessages":[],"meta":{},"tags":[]},{"ancestorTitles":["Evidence Handler","evidence:getChain"],"fullName":"Evidence Handler evidence:getChain 服务未初始化时返回 null","status":"passed","title":"服务未初始化时返回 null","duration":0.42239999999992506,"failureMessages":[],"meta":{},"tags":[]},{"ancestorTitles":["Evidence Handler","evidence:create"],"fullName":"Evidence Handler evidence:create 创建证据成功返回","status":"passed","title":"创建证据成功返回","duration":1.886600000000044,"failureMessages":[],"meta":{},"tags":[]},{"ancestorTitles":["Evidence Handler","evidence:create"],"fullName":"Evidence Handler evidence:create 服务未初始化时返回错误","status":"passed","title":"服务未初始化时返回错误","duration":0.7713000000001102,"failureMessages":[],"meta":{},"tags":[]}],"startTime":1780568016758,"endTime":1780568016773.7712,"status":"passed","message":"","name":"D:/ai-teacher/yuesheng-writing-coach/src/main/ipc/__tests__/evidence-flow.test.ts"},{"assertionResults":[{"ancestorTitles":["全链路 Wire Mock 测试（基于《修仙传》）","场景1：提交长文本 → 诊断分析 → 教学回复"],"fullName":"全链路 Wire Mock 测试（基于《修仙传》） 场景1：提交长文本 → 诊断分析 → 教学回复 带诊断分析的完整流程","status":"passed","title":"带诊断分析的完整流程","duration":64.14670000000001,"failureMessages":[],"meta":{},"tags":[]},{"ancestorTitles":["全链路 Wire Mock 测试（基于《修仙传》）","场景1：提交长文本 → 诊断分析 → 教学回复"],"fullName":"全链路 Wire Mock 测试（基于《修仙传》） 场景1：提交长文本 → 诊断分析 → 教学回复 诊断分析结果通过 diagnosis:update 推送到前端","status":"passed","title":"诊断分析结果通过 diagnosis:update 推送到前端","duration":4.536100000000033,"failureMessages":[],"meta":{},"tags":[]},{"ancestorTitles":["全链路 Wire Mock 测试（基于《修仙传》）","场景1：提交长文本 → 诊断分析 → 教学回复"],"fullName":"全链路 Wire Mock 测试（基于《修仙传》） 场景1：提交长文本 → 诊断分析 → 教学回复 完整诊断数据结构和内容正确","status":"passed","title":"完整诊断数据结构和内容正确","duration":4.723399999999856,"failureMessages":[],"meta":{},"tags":[]},{"ancestorTitles":["全链路 Wire Mock 测试（基于《修仙传》）","场景1：提交长文本 → 诊断分析 → 教学回复"],"fullName":"全链路 Wire Mock 测试（基于《修仙传》） 场景1：提交长文本 → 诊断分析 → 教学回复 流式数据通过 chat:stream:data 转发","status":"passed","title":"流式数据通过 chat:stream:data 转发","duration":5.638699999999972,"failureMessages":[],"meta":{},"tags":[]},{"ancestorTitles":["全链路 Wire Mock 测试（基于《修仙传》）","场景1：提交长文本 → 诊断分析 → 教学回复"],"fullName":"全链路 Wire Mock 测试（基于《修仙传》） 场景1：提交长文本 → 诊断分析 → 教学回复 chat:stream:end 在流结束后发送","status":"passed","title":"chat:stream:end 在流结束后发送","duration":3.5049000000001342,"failureMessages":[],"meta":{},"tags":[]},{"ancestorTitles":["全链路 Wire Mock 测试（基于《修仙传》）","场景2：旧格式诊断标记（---DIAGNOSIS_START---）的兼容处理"],"fullName":"全链路 Wire Mock 测试（基于《修仙传》） 场景2：旧格式诊断标记（---DIAGNOSIS_START---）的兼容处理 Teaching Agent 回复中的诊断标记被 processDiagnosisFromAI 解析","status":"passed","title":"Teaching Agent 回复中的诊断标记被 processDiagnosisFromAI 解析","duration":2.6493000000000393,"failureMessages":[],"meta":{},"tags":[]},{"ancestorTitles":["全链路 Wire Mock 测试（基于《修仙传》）","场景3：短文本不触发诊断分析"],"fullName":"全链路 Wire Mock 测试（基于《修仙传》） 场景3：短文本不触发诊断分析 100字以下的短文本跳过 Diagnosis Agent","status":"passed","title":"100字以下的短文本跳过 Diagnosis Agent","duration":2.1875,"failureMessages":[],"meta":{},"tags":[]},{"ancestorTitles":["全链路 Wire Mock 测试（基于《修仙传》）","场景4：错误处理"],"fullName":"全链路 Wire Mock 测试（基于《修仙传》） 场景4：错误处理 API 失败时返回错误且不崩溃","status":"passed","title":"API 失败时返回错误且不崩溃","duration":6.216499999999996,"failureMessages":[],"meta":{},"tags":[]},{"ancestorTitles":["全链路 Wire Mock 测试（基于《修仙传》）","场景4：错误处理"],"fullName":"全链路 Wire Mock 测试（基于《修仙传》） 场景4：错误处理 非 200 响应时返回错误","status":"passed","title":"非 200 响应时返回错误","duration":7.076800000000048,"failureMessages":[],"meta":{},"tags":[]},{"ancestorTitles":["全链路 Wire Mock 测试（基于《修仙传》）","场景5：修改原文 → 评估流程"],"fullName":"全链路 Wire Mock 测试（基于《修仙传》） 场景5：修改原文 → 评估流程 原文修改通过 wire mock 调用评估 API","status":"passed","title":"原文修改通过 wire mock 调用评估 API","duration":2.904899999999998,"failureMessages":[],"meta":{},"tags":[]},{"ancestorTitles":["全链路 Wire Mock 测试（基于《修仙传》）","场景6：训练计划关联"],"fullName":"全链路 Wire Mock 测试（基于《修仙传》） 场景6：训练计划关联 诊断症候映射到正确技法","status":"passed","title":"诊断症候映射到正确技法","duration":4.312199999999848,"failureMessages":[],"meta":{},"tags":[]},{"ancestorTitles":["全链路 Wire Mock 测试（基于《修仙传》）","场景7：多轮对话（协作式）"],"fullName":"全链路 Wire Mock 测试（基于《修仙传》） 场景7：多轮对话（协作式） 用户在诊断后提交改写练习，系统继续教学","status":"passed","title":"用户在诊断后提交改写练习，系统继续教学","duration":3.0160000000000764,"failureMessages":[],"meta":{},"tags":[]}],"startTime":1780568016827,"endTime":1780568016939.016,"status":"passed","message":"","name":"D:/ai-teacher/yuesheng-writing-coach/src/main/ipc/__tests__/full-flow.wiremock.test.ts"},{"assertionResults":[{"ancestorTitles":["mergeSyndromesIntoState - TeachingState 合并逻辑","新增病症"],"fullName":"mergeSyndromesIntoState - TeachingState 合并逻辑 新增病症 空状态时添加第一个病症","status":"passed","title":"空状态时添加第一个病症","duration":5.2883999999999105,"failureMessages":[],"meta":{},"tags":[]},{"ancestorTitles":["mergeSyndromesIntoState - TeachingState 合并逻辑","新增病症"],"fullName":"mergeSyndromesIntoState - TeachingState 合并逻辑 新增病症 已有病症列表时追加新病症","status":"passed","title":"已有病症列表时追加新病症","duration":1.1471999999998843,"failureMessages":[],"meta":{},"tags":[]},{"ancestorTitles":["mergeSyndromesIntoState - TeachingState 合并逻辑","新增病症"],"fullName":"mergeSyndromesIntoState - TeachingState 合并逻辑 新增病症 新增症候 P009-P010 被正确合并","status":"passed","title":"新增症候 P009-P010 被正确合并","duration":0.5069999999998345,"failureMessages":[],"meta":{},"tags":[]},{"ancestorTitles":["mergeSyndromesIntoState - TeachingState 合并逻辑","更新已有病症"],"fullName":"mergeSyndromesIntoState - TeachingState 合并逻辑 更新已有病症 严重度不变的已有病症保持 active 状态","status":"passed","title":"严重度不变的已有病症保持 active 状态","duration":1.3670999999999367,"failureMessages":[],"meta":{},"tags":[]},{"ancestorTitles":["mergeSyndromesIntoState - TeachingState 合并逻辑","更新已有病症"],"fullName":"mergeSyndromesIntoState - TeachingState 合并逻辑 更新已有病症 严重度降低的病症状态变为 improving","status":"passed","title":"严重度降低的病症状态变为 improving","duration":0.49690000000009604,"failureMessages":[],"meta":{},"tags":[]},{"ancestorTitles":["mergeSyndromesIntoState - TeachingState 合并逻辑","多病症并发诊断"],"fullName":"mergeSyndromesIntoState - TeachingState 合并逻辑 多病症并发诊断 3个病症同时识别的完整合并","status":"passed","title":"3个病症同时识别的完整合并","duration":0.6323999999999614,"failureMessages":[],"meta":{},"tags":[]},{"ancestorTitles":["mergeSyndromesIntoState - TeachingState 合并逻辑","动作去重"],"fullName":"mergeSyndromesIntoState - TeachingState 合并逻辑 动作去重 suggestedActions 合并后自动去重","status":"passed","title":"suggestedActions 合并后自动去重","duration":0.6226000000001477,"failureMessages":[],"meta":{},"tags":[]}],"startTime":1780568016966,"endTime":1780568016976.6323,"status":"passed","message":"","name":"D:/ai-teacher/yuesheng-writing-coach/src/main/ipc/__tests__/merge-diagnosis.test.ts"},{"assertionResults":[{"ancestorTitles":["Session Handler","session:list"],"fullName":"Session Handler session:list 返回会话列表","status":"passed","title":"返回会话列表","duration":5.593000000000075,"failureMessages":[],"meta":{},"tags":[]},{"ancestorTitles":["Session Handler","session:list"],"fullName":"Session Handler session:list 无消息的会话 lastMessage 为 undefined","status":"passed","title":"无消息的会话 lastMessage 为 undefined","duration":1.1147000000000844,"failureMessages":[],"meta":{},"tags":[]},{"ancestorTitles":["Session Handler","session:create"],"fullName":"Session Handler session:create 创建新会话并返回","status":"passed","title":"创建新会话并返回","duration":0.7080999999998312,"failureMessages":[],"meta":{},"tags":[]},{"ancestorTitles":["Session Handler","session:delete"],"fullName":"Session Handler session:delete 删除指定会话","status":"passed","title":"删除指定会话","duration":1.6305999999999585,"failureMessages":[],"meta":{},"tags":[]},{"ancestorTitles":["Session Handler","session:rename"],"fullName":"Session Handler session:rename 重命名会话","status":"passed","title":"重命名会话","duration":0.6248000000000502,"failureMessages":[],"meta":{},"tags":[]},{"ancestorTitles":["Session Handler","session:getMessages"],"fullName":"Session Handler session:getMessages 返回会话消息","status":"passed","title":"返回会话消息","duration":0.5994000000000597,"failureMessages":[],"meta":{},"tags":[]}],"startTime":1780568016756,"endTime":1780568016766.6248,"status":"passed","message":"","name":"D:/ai-teacher/yuesheng-writing-coach/src/main/ipc/__tests__/session-flow.test.ts"},{"assertionResults":[{"ancestorTitles":["教学状态 Handler","teachingState:get"],"fullName":"教学状态 Handler teachingState:get 会话无状态时返回默认初始化状态","status":"passed","title":"会话无状态时返回默认初始化状态","duration":135.19910000000004,"failureMessages":[],"meta":{},"tags":[]},{"ancestorTitles":["教学状态 Handler","teachingState:get"],"fullName":"教学状态 Handler teachingState:get 会话已有状态时返回存储的状态","status":"passed","title":"会话已有状态时返回存储的状态","duration":2.332200000000057,"failureMessages":[],"meta":{},"tags":[]},{"ancestorTitles":["教学状态 Handler","teachingState:confirm"],"fullName":"教学状态 Handler teachingState:confirm 确认后推进到下一阶段","status":"passed","title":"确认后推进到下一阶段","duration":2.445900000000165,"failureMessages":[],"meta":{},"tags":[]},{"ancestorTitles":["教学状态 Handler","teachingState:confirm"],"fullName":"教学状态 Handler teachingState:confirm 不存在的会话返回 null","status":"passed","title":"不存在的会话返回 null","duration":0.5756999999998698,"failureMessages":[],"meta":{},"tags":[]}],"startTime":1780568016651,"endTime":1780568016791.5757,"status":"passed","message":"","name":"D:/ai-teacher/yuesheng-writing-coach/src/main/ipc/__tests__/teaching-state-flow.test.ts"},{"assertionResults":[{"ancestorTitles":["ApiProxy","chatStream - 流式 SSE 解析"],"fullName":"ApiProxy chatStream - 流式 SSE 解析 正确解析单个 data chunk","status":"passed","title":"正确解析单个 data chunk","duration":39.586599999999976,"failureMessages":[],"meta":{},"tags":[]},{"ancestorTitles":["ApiProxy","chatStream - 流式 SSE 解析"],"fullName":"ApiProxy chatStream - 流式 SSE 解析 处理跨 chunk 的 SSE 行拆分","status":"passed","title":"处理跨 chunk 的 SSE 行拆分","duration":1.009999999999991,"failureMessages":[],"meta":{},"tags":[]},{"ancestorTitles":["ApiProxy","chatStream - 流式 SSE 解析"],"fullName":"ApiProxy chatStream - 流式 SSE 解析 跳过无 content 的 delta","status":"passed","title":"跳过无 content 的 delta","duration":0.7454999999999927,"failureMessages":[],"meta":{},"tags":[]},{"ancestorTitles":["ApiProxy","chatStream - 流式 SSE 解析"],"fullName":"ApiProxy chatStream - 流式 SSE 解析 静默跳过格式错误的 JSON chunk","status":"passed","title":"静默跳过格式错误的 JSON chunk","duration":0.9523000000000366,"failureMessages":[],"meta":{},"tags":[]},{"ancestorTitles":["ApiProxy","chatStream - 流式 SSE 解析"],"fullName":"ApiProxy chatStream - 流式 SSE 解析 跳过非 data: 开头的行","status":"passed","title":"跳过非 data: 开头的行","duration":0.8041999999999234,"failureMessages":[],"meta":{},"tags":[]},{"ancestorTitles":["ApiProxy","chatStream - 流式 SSE 解析"],"fullName":"ApiProxy chatStream - 流式 SSE 解析 长时间流式响应中累积多个 token","status":"passed","title":"长时间流式响应中累积多个 token","duration":0.7291000000000167,"failureMessages":[],"meta":{},"tags":[]},{"ancestorTitles":["ApiProxy","chatStream - HTTP 错误处理"],"fullName":"ApiProxy chatStream - HTTP 错误处理 401 认证失败时抛出明确错误","status":"passed","title":"401 认证失败时抛出明确错误","duration":3.792799999999943,"failureMessages":[],"meta":{},"tags":[]},{"ancestorTitles":["ApiProxy","chatStream - HTTP 错误处理"],"fullName":"ApiProxy chatStream - HTTP 错误处理 500 服务端错误时抛出明确错误","status":"passed","title":"500 服务端错误时抛出明确错误","duration":0.8487999999999829,"failureMessages":[],"meta":{},"tags":[]},{"ancestorTitles":["ApiProxy","chatStream - HTTP 错误处理"],"fullName":"ApiProxy chatStream - HTTP 错误处理 网络错误时抛出","status":"passed","title":"网络错误时抛出","duration":0.7928000000000566,"failureMessages":[],"meta":{},"tags":[]},{"ancestorTitles":["ApiProxy","chatStream - AbortController"],"fullName":"ApiProxy chatStream - AbortController AbortController 停止后抛出","status":"passed","title":"AbortController 停止后抛出","duration":18.336200000000076,"failureMessages":[],"meta":{},"tags":[]},{"ancestorTitles":["ApiProxy","chatStream - 响应体为空"],"fullName":"ApiProxy chatStream - 响应体为空 无 body 时抛出明确错误","status":"passed","title":"无 body 时抛出明确错误","duration":0.8014000000000578,"failureMessages":[],"meta":{},"tags":[]},{"ancestorTitles":["ApiProxy","testConnection"],"fullName":"ApiProxy testConnection 连接成功返回 success: true","status":"passed","title":"连接成功返回 success: true","duration":0.6186999999999898,"failureMessages":[],"meta":{},"tags":[]},{"ancestorTitles":["ApiProxy","testConnection"],"fullName":"ApiProxy testConnection HTTP 401 返回带错误信息的失败","status":"passed","title":"HTTP 401 返回带错误信息的失败","duration":0.4511999999999716,"failureMessages":[],"meta":{},"tags":[]},{"ancestorTitles":["ApiProxy","testConnection"],"fullName":"ApiProxy testConnection 网络错误返回带错误信息的失败","status":"passed","title":"网络错误返回带错误信息的失败","duration":0.3580000000001746,"failureMessages":[],"meta":{},"tags":[]},{"ancestorTitles":["ApiProxy","updateConfig"],"fullName":"ApiProxy updateConfig 更新配置后使用新 baseUrl","status":"passed","title":"更新配置后使用新 baseUrl","duration":3.0239999999998872,"failureMessages":[],"meta":{},"tags":[]}],"startTime":1780568016679,"endTime":1780568016753.024,"status":"passed","message":"","name":"D:/ai-teacher/yuesheng-writing-coach/src/main/services/__tests__/api-proxy.test.ts"},{"assertionResults":[{"ancestorTitles":["parseDiagnosisFromAIResponse","正常解析"],"fullName":"parseDiagnosisFromAIResponse 正常解析 正确解析包含诊断表 JSON 的 AI 回复","status":"passed","title":"正确解析包含诊断表 JSON 的 AI 回复","duration":6.202299999999923,"failureMessages":[],"meta":{},"tags":[]},{"ancestorTitles":["parseDiagnosisFromAIResponse","正常解析"],"fullName":"parseDiagnosisFromAIResponse 正常解析 AI 同时回答问题和生成诊断表 - 端到端","status":"passed","title":"AI 同时回答问题和生成诊断表 - 端到端","duration":1.268100000000004,"failureMessages":[],"meta":{},"tags":[]},{"ancestorTitles":["parseDiagnosisFromAIResponse","正常解析"],"fullName":"parseDiagnosisFromAIResponse 正常解析 正确解析新增症候 P009-P010","status":"passed","title":"正确解析新增症候 P009-P010","duration":1.0593999999998687,"failureMessages":[],"meta":{},"tags":[]},{"ancestorTitles":["parseDiagnosisFromAIResponse","边界情况"],"fullName":"parseDiagnosisFromAIResponse 边界情况 无诊断表标记时返回原始回复和 null","status":"passed","title":"无诊断表标记时返回原始回复和 null","duration":1.4646000000000186,"failureMessages":[],"meta":{},"tags":[]},{"ancestorTitles":["parseDiagnosisFromAIResponse","边界情况"],"fullName":"parseDiagnosisFromAIResponse 边界情况 仅存在开始标记但缺少结束标记时返回原始回复和 null","status":"passed","title":"仅存在开始标记但缺少结束标记时返回原始回复和 null","duration":0.4475999999999658,"failureMessages":[],"meta":{},"tags":[]},{"ancestorTitles":["parseDiagnosisFromAIResponse","边界情况"],"fullName":"parseDiagnosisFromAIResponse 边界情况 诊断表 JSON 格式错误时返回纯净回复和 null","status":"passed","title":"诊断表 JSON 格式错误时返回纯净回复和 null","duration":7.40319999999997,"failureMessages":[],"meta":{},"tags":[]},{"ancestorTitles":["parseDiagnosisFromAIResponse","边界情况"],"fullName":"parseDiagnosisFromAIResponse 边界情况 AI 回复为空字符串时返回空和 null","status":"passed","title":"AI 回复为空字符串时返回空和 null","duration":0.6518000000000939,"failureMessages":[],"meta":{},"tags":[]},{"ancestorTitles":["parseDiagnosisFromAIResponse","安全性过滤"],"fullName":"parseDiagnosisFromAIResponse 安全性过滤 不存在的病症 ID 被过滤","status":"passed","title":"不存在的病症 ID 被过滤","duration":0.7427000000000135,"failureMessages":[],"meta":{},"tags":[]},{"ancestorTitles":["parseDiagnosisFromAIResponse","安全性过滤"],"fullName":"parseDiagnosisFromAIResponse 安全性过滤 非法严重度等级被过滤","status":"passed","title":"非法严重度等级被过滤","duration":0.672800000000052,"failureMessages":[],"meta":{},"tags":[]},{"ancestorTitles":["parseDiagnosisFromAIResponse","安全性过滤"],"fullName":"parseDiagnosisFromAIResponse 安全性过滤 所有枚举中的病症 ID 都应被认可","status":"passed","title":"所有枚举中的病症 ID 都应被认可","duration":1.1817000000000917,"failureMessages":[],"meta":{},"tags":[]},{"ancestorTitles":["parseDiagnosisFromAIResponse","值域裁剪"],"fullName":"parseDiagnosisFromAIResponse 值域裁剪 confidence 大值被裁剪到 1","status":"passed","title":"confidence 大值被裁剪到 1","duration":0.4959000000001197,"failureMessages":[],"meta":{},"tags":[]},{"ancestorTitles":["parseDiagnosisFromAIResponse","值域裁剪"],"fullName":"parseDiagnosisFromAIResponse 值域裁剪 confidence 负值被裁剪到 0","status":"passed","title":"confidence 负值被裁剪到 0","duration":0.4574999999999818,"failureMessages":[],"meta":{},"tags":[]},{"ancestorTitles":["parseDiagnosisFromAIResponse","值域裁剪"],"fullName":"parseDiagnosisFromAIResponse 值域裁剪 无病症但有建议动作时生成有效诊断条目","status":"passed","title":"无病症但有建议动作时生成有效诊断条目","duration":0.7864000000001852,"failureMessages":[],"meta":{},"tags":[]}],"startTime":1780568016796,"endTime":1780568016819.7864,"status":"passed","message":"","name":"D:/ai-teacher/yuesheng-writing-coach/src/main/services/__tests__/diagnosis-parser.test.ts"},{"assertionResults":[{"ancestorTitles":["DiagnosisService"],"fullName":"DiagnosisService 保存诊断结果到数据库","status":"passed","title":"保存诊断结果到数据库","duration":5.997899999999845,"failureMessages":[],"meta":{},"tags":[]},{"ancestorTitles":["DiagnosisService"],"fullName":"DiagnosisService 保存新增症候 P009-P010 的诊断结果","status":"passed","title":"保存新增症候 P009-P010 的诊断结果","duration":1.1028999999998632,"failureMessages":[],"meta":{},"tags":[]},{"ancestorTitles":["DiagnosisService"],"fullName":"DiagnosisService 按会话查询诊断结果","status":"passed","title":"按会话查询诊断结果","duration":1.003400000000056,"failureMessages":[],"meta":{},"tags":[]},{"ancestorTitles":["DiagnosisService"],"fullName":"DiagnosisService 获取最近 N 条诊断结果","status":"passed","title":"获取最近 N 条诊断结果","duration":1.4347999999999956,"failureMessages":[],"meta":{},"tags":[]},{"ancestorTitles":["DiagnosisService"],"fullName":"DiagnosisService 按会话删除诊断结果","status":"passed","title":"按会话删除诊断结果","duration":0.9126000000001113,"failureMessages":[],"meta":{},"tags":[]},{"ancestorTitles":["DiagnosisService"],"fullName":"DiagnosisService JSON 序列化/反序列化正确","status":"passed","title":"JSON 序列化/反序列化正确","duration":1.983600000000024,"failureMessages":[],"meta":{},"tags":[]}],"startTime":1780568016754,"endTime":1780568016766.9836,"status":"passed","message":"","name":"D:/ai-teacher/yuesheng-writing-coach/src/main/services/__tests__/diagnosis.service.test.ts"},{"assertionResults":[{"ancestorTitles":["EvidenceService","save"],"fullName":"EvidenceService save 插入一条证据记录到数据库中","status":"passed","title":"插入一条证据记录到数据库中","duration":7.231400000000008,"failureMessages":[],"meta":{},"tags":[]},{"ancestorTitles":["EvidenceService","save"],"fullName":"EvidenceService save 使用正确的 INSERT 列名","status":"passed","title":"使用正确的 INSERT 列名","duration":1.8687999999999647,"failureMessages":[],"meta":{},"tags":[]},{"ancestorTitles":["EvidenceService","save"],"fullName":"EvidenceService save 可以保存 type=pattern 和 level=4 的证据","status":"passed","title":"可以保存 type=pattern 和 level=4 的证据","duration":1.0539999999999736,"failureMessages":[],"meta":{},"tags":[]},{"ancestorTitles":["EvidenceService","getByDisease"],"fullName":"EvidenceService getByDisease 根据疾病 ID 和作品 ID 查询证据","status":"passed","title":"根据疾病 ID 和作品 ID 查询证据","duration":1.5519999999999072,"failureMessages":[],"meta":{},"tags":[]},{"ancestorTitles":["EvidenceService","getByDisease"],"fullName":"EvidenceService getByDisease 当提供 minLevel 时添加 level >= 过滤","status":"passed","title":"当提供 minLevel 时添加 level >= 过滤","duration":0.6207000000000562,"failureMessages":[],"meta":{},"tags":[]},{"ancestorTitles":["EvidenceService","getByDisease"],"fullName":"EvidenceService getByDisease 当 minLevel 为 undefined 时不添加 level >= 过滤条件","status":"passed","title":"当 minLevel 为 undefined 时不添加 level >= 过滤条件","duration":0.5705000000000382,"failureMessages":[],"meta":{},"tags":[]},{"ancestorTitles":["EvidenceService","getByDisease"],"fullName":"EvidenceService getByDisease 当 minLevel 为 0 时仍添加过滤（语义上返回全部）","status":"passed","title":"当 minLevel 为 0 时仍添加过滤（语义上返回全部）","duration":0.25940000000002783,"failureMessages":[],"meta":{},"tags":[]},{"ancestorTitles":["EvidenceService","getByDisease"],"fullName":"EvidenceService getByDisease 结果按 level DESC, created_at ASC 排序","status":"passed","title":"结果按 level DESC, created_at ASC 排序","duration":0.19920000000001892,"failureMessages":[],"meta":{},"tags":[]},{"ancestorTitles":["EvidenceService","getByDisease"],"fullName":"EvidenceService getByDisease 没有匹配证据时返回空数组","status":"passed","title":"没有匹配证据时返回空数组","duration":0.6476000000000113,"failureMessages":[],"meta":{},"tags":[]},{"ancestorTitles":["EvidenceService","getByDisease"],"fullName":"EvidenceService getByDisease 将数据库行正确映射为 EvidenceRecord（camelCase）","status":"passed","title":"将数据库行正确映射为 EvidenceRecord（camelCase）","duration":0.6323999999999614,"failureMessages":[],"meta":{},"tags":[]},{"ancestorTitles":["EvidenceService","getByDisease"],"fullName":"EvidenceService getByDisease 返回多条匹配结果","status":"passed","title":"返回多条匹配结果","duration":0.4274999999998954,"failureMessages":[],"meta":{},"tags":[]},{"ancestorTitles":["EvidenceService","getByAbility"],"fullName":"EvidenceService getByAbility 根据能力 ID 和作者 ID 查询证据","status":"passed","title":"根据能力 ID 和作者 ID 查询证据","duration":0.6372000000000071,"failureMessages":[],"meta":{},"tags":[]},{"ancestorTitles":["EvidenceService","getByAbility"],"fullName":"EvidenceService getByAbility 当提供 fromDate 时添加 created_at >= 过滤","status":"passed","title":"当提供 fromDate 时添加 created_at >= 过滤","duration":0.4027999999999565,"failureMessages":[],"meta":{},"tags":[]},{"ancestorTitles":["EvidenceService","getByAbility"],"fullName":"EvidenceService getByAbility 当提供 toDate 时添加 created_at <= 过滤","status":"passed","title":"当提供 toDate 时添加 created_at <= 过滤","duration":0.301900000000046,"failureMessages":[],"meta":{},"tags":[]},{"ancestorTitles":["EvidenceService","getByAbility"],"fullName":"EvidenceService getByAbility 同时提供 fromDate 和 toDate 时添加两个过滤","status":"passed","title":"同时提供 fromDate 和 toDate 时添加两个过滤","duration":0.22500000000002274,"failureMessages":[],"meta":{},"tags":[]},{"ancestorTitles":["EvidenceService","getByAbility"],"fullName":"EvidenceService getByAbility 结果按 created_at ASC 排序","status":"passed","title":"结果按 created_at ASC 排序","duration":0.13670000000001892,"failureMessages":[],"meta":{},"tags":[]},{"ancestorTitles":["EvidenceService","getByAbility"],"fullName":"EvidenceService getByAbility 没有匹配时返回空数组","status":"passed","title":"没有匹配时返回空数组","duration":0.15150000000005548,"failureMessages":[],"meta":{},"tags":[]},{"ancestorTitles":["EvidenceService","getChainForDiagnosis"],"fullName":"EvidenceService getChainForDiagnosis 返回包含 primaryEvidence 和 supportingEvidence 的证据链","status":"passed","title":"返回包含 primaryEvidence 和 supportingEvidence 的证据链","duration":0.6306999999999334,"failureMessages":[],"meta":{},"tags":[]},{"ancestorTitles":["EvidenceService","getChainForDiagnosis"],"fullName":"EvidenceService getChainForDiagnosis 将 level=3 的证据归类到 statistics","status":"passed","title":"将 level=3 的证据归类到 statistics","duration":0.42239999999992506,"failureMessages":[],"meta":{},"tags":[]},{"ancestorTitles":["EvidenceService","getChainForDiagnosis"],"fullName":"EvidenceService getChainForDiagnosis 将 relevance=contextual 归到 supportingEvidence","status":"passed","title":"将 relevance=contextual 归到 supportingEvidence","duration":0.4390999999999394,"failureMessages":[],"meta":{},"tags":[]},{"ancestorTitles":["EvidenceService","getChainForDiagnosis"],"fullName":"EvidenceService getChainForDiagnosis 使用 JOIN 查询 evidence 和 diagnosis_evidence 表","status":"passed","title":"使用 JOIN 查询 evidence 和 diagnosis_evidence 表","duration":0.29730000000006385,"failureMessages":[],"meta":{},"tags":[]},{"ancestorTitles":["EvidenceService","getChainForDiagnosis"],"fullName":"EvidenceService getChainForDiagnosis 没有关联证据时返回 null","status":"passed","title":"没有关联证据时返回 null","duration":0.13830000000007203,"failureMessages":[],"meta":{},"tags":[]},{"ancestorTitles":["EvidenceService","linkToDiagnosis"],"fullName":"EvidenceService linkToDiagnosis 插入诊断-证据关联记录","status":"passed","title":"插入诊断-证据关联记录","duration":0.3543000000000802,"failureMessages":[],"meta":{},"tags":[]},{"ancestorTitles":["EvidenceService","linkToDiagnosis"],"fullName":"EvidenceService linkToDiagnosis 支持 supporting 关联类型","status":"passed","title":"支持 supporting 关联类型","duration":0.19050000000004275,"failureMessages":[],"meta":{},"tags":[]},{"ancestorTitles":["EvidenceService","linkToDiagnosis"],"fullName":"EvidenceService linkToDiagnosis 支持 contextual 关联类型","status":"passed","title":"支持 contextual 关联类型","duration":0.15750000000002728,"failureMessages":[],"meta":{},"tags":[]},{"ancestorTitles":["EvidenceService","getEvidenceById"],"fullName":"EvidenceService getEvidenceById 根据证据 ID 查询单条证据","status":"passed","title":"根据证据 ID 查询单条证据","duration":0.4557999999999538,"failureMessages":[],"meta":{},"tags":[]},{"ancestorTitles":["EvidenceService","getEvidenceById"],"fullName":"EvidenceService getEvidenceById 证据不存在时返回 null","status":"passed","title":"证据不存在时返回 null","duration":0.18299999999999272,"failureMessages":[],"meta":{},"tags":[]},{"ancestorTitles":["EvidenceService","错误处理"],"fullName":"EvidenceService 错误处理 prepare 失败时所有方法抛出错误","status":"passed","title":"prepare 失败时所有方法抛出错误","duration":1.6286000000000058,"failureMessages":[],"meta":{},"tags":[]},{"ancestorTitles":["EvidenceService","错误处理"],"fullName":"EvidenceService 错误处理 run 失败时 save / linkToDiagnosis 抛出错误","status":"passed","title":"run 失败时 save / linkToDiagnosis 抛出错误","duration":0.5027999999999793,"failureMessages":[],"meta":{},"tags":[]},{"ancestorTitles":["EvidenceService","错误处理"],"fullName":"EvidenceService 错误处理 all 失败时 getByDisease / getByAbility / getChainForDiagnosis 抛出错误","status":"passed","title":"all 失败时 getByDisease / getByAbility / getChainForDiagnosis 抛出错误","duration":0.6415999999999258,"failureMessages":[],"meta":{},"tags":[]},{"ancestorTitles":["EvidenceService","错误处理"],"fullName":"EvidenceService 错误处理 get 失败时 getEvidenceById 抛出错误","status":"passed","title":"get 失败时 getEvidenceById 抛出错误","duration":0.2880000000000109,"failureMessages":[],"meta":{},"tags":[]},{"ancestorTitles":["EvidenceService","多方法集成场景"],"fullName":"EvidenceService 多方法集成场景 保存证据后可通过 ID 查询到","status":"passed","title":"保存证据后可通过 ID 查询到","duration":0.2921999999999798,"failureMessages":[],"meta":{},"tags":[]},{"ancestorTitles":["EvidenceService","多方法集成场景"],"fullName":"EvidenceService 多方法集成场景 保存证据后可在疾病查询结果中找到","status":"passed","title":"保存证据后可在疾病查询结果中找到","duration":0.3308000000000675,"failureMessages":[],"meta":{},"tags":[]},{"ancestorTitles":["EvidenceService","多方法集成场景"],"fullName":"EvidenceService 多方法集成场景 关联证据后可获取完整证据链","status":"passed","title":"关联证据后可获取完整证据链","duration":0.39430000000004384,"failureMessages":[],"meta":{},"tags":[]}],"startTime":1780568016692,"endTime":1780568016717.3943,"status":"passed","message":"","name":"D:/ai-teacher/yuesheng-writing-coach/src/main/services/__tests__/evidence.service.test.ts"},{"assertionResults":[{"ancestorTitles":["teaching-state-machine","getPhaseName"],"fullName":"teaching-state-machine getPhaseName 返回正确的阶段中文名称","status":"passed","title":"返回正确的阶段中文名称","duration":3.037900000000036,"failureMessages":[],"meta":{},"tags":[]},{"ancestorTitles":["teaching-state-machine","getSubphaseName"],"fullName":"teaching-state-machine getSubphaseName 返回正确的子阶段中文名称","status":"passed","title":"返回正确的子阶段中文名称","duration":0.34390000000007603,"failureMessages":[],"meta":{},"tags":[]},{"ancestorTitles":["teaching-state-machine","getNextPhase"],"fullName":"teaching-state-machine getNextPhase INIT → WORLD","status":"passed","title":"INIT → WORLD","duration":0.2297000000000935,"failureMessages":[],"meta":{},"tags":[]},{"ancestorTitles":["teaching-state-machine","getNextPhase"],"fullName":"teaching-state-machine getNextPhase WORLD → PRACTICE_LOOP","status":"passed","title":"WORLD → PRACTICE_LOOP","duration":0.19910000000004402,"failureMessages":[],"meta":{},"tags":[]},{"ancestorTitles":["teaching-state-machine","getNextPhase"],"fullName":"teaching-state-machine getNextPhase PRACTICE_LOOP 不自动离开","status":"passed","title":"PRACTICE_LOOP 不自动离开","duration":0.3383000000001175,"failureMessages":[],"meta":{},"tags":[]},{"ancestorTitles":["teaching-state-machine","getNextPhase"],"fullName":"teaching-state-machine getNextPhase REVIEW → PRACTICE_LOOP","status":"passed","title":"REVIEW → PRACTICE_LOOP","duration":0.19409999999993488,"failureMessages":[],"meta":{},"tags":[]},{"ancestorTitles":["teaching-state-machine","getFirstSubphaseOf"],"fullName":"teaching-state-machine getFirstSubphaseOf 返回 WORLD 阶段的第一个子阶段","status":"passed","title":"返回 WORLD 阶段的第一个子阶段","duration":0.2563000000000102,"failureMessages":[],"meta":{},"tags":[]},{"ancestorTitles":["teaching-state-machine","getFirstSubphaseOf"],"fullName":"teaching-state-machine getFirstSubphaseOf 返回 PRACTICE_LOOP 阶段的第一个子阶段","status":"passed","title":"返回 PRACTICE_LOOP 阶段的第一个子阶段","duration":0.16990000000009786,"failureMessages":[],"meta":{},"tags":[]},{"ancestorTitles":["teaching-state-machine","getFirstSubphaseOf"],"fullName":"teaching-state-machine getFirstSubphaseOf INIT 阶段无子阶段时抛出错误","status":"passed","title":"INIT 阶段无子阶段时抛出错误","duration":1.1534999999998945,"failureMessages":[],"meta":{},"tags":[]},{"ancestorTitles":["teaching-state-machine","getNextSubphase"],"fullName":"teaching-state-machine getNextSubphase 推进到下一个子阶段","status":"passed","title":"推进到下一个子阶段","duration":0.39069999999992433,"failureMessages":[],"meta":{},"tags":[]},{"ancestorTitles":["teaching-state-machine","getNextSubphase"],"fullName":"teaching-state-machine getNextSubphase 子阶段末尾返回 null","status":"passed","title":"子阶段末尾返回 null","duration":0.19640000000003965,"failureMessages":[],"meta":{},"tags":[]},{"ancestorTitles":["teaching-state-machine","getNextSubphase"],"fullName":"teaching-state-machine getNextSubphase 不存在的子阶段返回 null","status":"passed","title":"不存在的子阶段返回 null","duration":1.2011999999999716,"failureMessages":[],"meta":{},"tags":[]},{"ancestorTitles":["teaching-state-machine","calculatePhaseProgress"],"fullName":"teaching-state-machine calculatePhaseProgress WORLD 阶段第一个子阶段进度为 0.2","status":"passed","title":"WORLD 阶段第一个子阶段进度为 0.2","duration":0.2778000000000702,"failureMessages":[],"meta":{},"tags":[]},{"ancestorTitles":["teaching-state-machine","calculatePhaseProgress"],"fullName":"teaching-state-machine calculatePhaseProgress WORLD 阶段最后一个子阶段进度为 1","status":"passed","title":"WORLD 阶段最后一个子阶段进度为 1","duration":0.11770000000001346,"failureMessages":[],"meta":{},"tags":[]},{"ancestorTitles":["teaching-state-machine","calculatePhaseProgress"],"fullName":"teaching-state-machine calculatePhaseProgress PRACTICE_LOOP 第一阶段进度为 0.25","status":"passed","title":"PRACTICE_LOOP 第一阶段进度为 0.25","duration":0.08570000000008804,"failureMessages":[],"meta":{},"tags":[]},{"ancestorTitles":["teaching-state-machine","calculatePhaseProgress"],"fullName":"teaching-state-machine calculatePhaseProgress 不存在的子阶段返回 0","status":"passed","title":"不存在的子阶段返回 0","duration":0.07519999999999527,"failureMessages":[],"meta":{},"tags":[]}],"startTime":1780568016796,"endTime":1780568016805.2778,"status":"passed","message":"","name":"D:/ai-teacher/yuesheng-writing-coach/src/main/services/__tests__/teaching-state-machine.test.ts"},{"assertionResults":[{"ancestorTitles":["MessageInput"],"fullName":"MessageInput 应该渲染输入框和发送按钮","status":"passed","title":"应该渲染输入框和发送按钮","duration":152.86799999999994,"failureMessages":[],"meta":{},"tags":[]},{"ancestorTitles":["MessageInput"],"fullName":"MessageInput 输入内容后点击发送应触发 onSend 并清空输入框","status":"passed","title":"输入内容后点击发送应触发 onSend 并清空输入框","duration":200.46900000000005,"failureMessages":[],"meta":{},"tags":[]},{"ancestorTitles":["MessageInput"],"fullName":"MessageInput 空内容时点击发送不应触发 onSend","status":"passed","title":"空内容时点击发送不应触发 onSend","duration":62.090400000000045,"failureMessages":[],"meta":{},"tags":[]},{"ancestorTitles":["MessageInput"],"fullName":"MessageInput disabled 时输入框和按钮应被禁用","status":"passed","title":"disabled 时输入框和按钮应被禁用","duration":6.534500000000207,"failureMessages":[],"meta":{},"tags":[]},{"ancestorTitles":["MessageInput"],"fullName":"MessageInput isStreaming 时应显示停止按钮","status":"passed","title":"isStreaming 时应显示停止按钮","duration":4.3301000000001295,"failureMessages":[],"meta":{},"tags":[]},{"ancestorTitles":["MessageInput"],"fullName":"MessageInput 点击停止按钮应调用 onStop","status":"passed","title":"点击停止按钮应调用 onStop","duration":67.20530000000008,"failureMessages":[],"meta":{},"tags":[]},{"ancestorTitles":["MessageInput"],"fullName":"MessageInput 按 Enter 发送消息","status":"passed","title":"按 Enter 发送消息","duration":186.81029999999964,"failureMessages":[],"meta":{},"tags":[]},{"ancestorTitles":["MessageInput"],"fullName":"MessageInput 按 Shift+Enter 不应发送消息","status":"passed","title":"按 Shift+Enter 不应发送消息","duration":170.51529999999957,"failureMessages":[],"meta":{},"tags":[]}],"startTime":1780568017977,"endTime":1780568018828.5154,"status":"passed","message":"","name":"D:/ai-teacher/yuesheng-writing-coach/src/renderer/components/chat/MessageInput.test.tsx"},{"assertionResults":[{"ancestorTitles":["DiagnosisCard"],"fullName":"DiagnosisCard 无症候时返回 null","status":"passed","title":"无症候时返回 null","duration":15.673299999999927,"failureMessages":[],"meta":{},"tags":[]},{"ancestorTitles":["DiagnosisCard"],"fullName":"DiagnosisCard 摘要行显示主要症候名称和证据预览","status":"passed","title":"摘要行显示主要症候名称和证据预览","duration":27.56580000000031,"failureMessages":[],"meta":{},"tags":[]},{"ancestorTitles":["DiagnosisCard"],"fullName":"DiagnosisCard 严重度标签显示在摘要行","status":"passed","title":"严重度标签显示在摘要行","duration":4.291600000000017,"failureMessages":[],"meta":{},"tags":[]},{"ancestorTitles":["DiagnosisCard"],"fullName":"DiagnosisCard 点击展开按钮显示详细症候列表","status":"passed","title":"点击展开按钮显示详细症候列表","duration":185.71099999999979,"failureMessages":[],"meta":{},"tags":[]},{"ancestorTitles":["DiagnosisCard"],"fullName":"DiagnosisCard 展开后显示证据文本","status":"passed","title":"展开后显示证据文本","duration":72.73399999999992,"failureMessages":[],"meta":{},"tags":[]},{"ancestorTitles":["DiagnosisCard"],"fullName":"DiagnosisCard 点击'尝试修改'按钮调用 onEdit","status":"passed","title":"点击'尝试修改'按钮调用 onEdit","duration":108.61559999999963,"failureMessages":[],"meta":{},"tags":[]},{"ancestorTitles":["DiagnosisCard"],"fullName":"DiagnosisCard onEdit 未传入时不显示'尝试修改'按钮","status":"passed","title":"onEdit 未传入时不显示'尝试修改'按钮","duration":62.59349999999995,"failureMessages":[],"meta":{},"tags":[]},{"ancestorTitles":["DiagnosisCard"],"fullName":"DiagnosisCard 症候有 rewriteSuggestion 时显示'查看建议'按钮和建议内容","status":"passed","title":"症候有 rewriteSuggestion 时显示'查看建议'按钮和建议内容","duration":47.31680000000006,"failureMessages":[],"meta":{},"tags":[]},{"ancestorTitles":["DiagnosisCard"],"fullName":"DiagnosisCard 展开/折叠状态由 aria-expanded 反映","status":"passed","title":"展开/折叠状态由 aria-expanded 反映","duration":122.10410000000002,"failureMessages":[],"meta":{},"tags":[]}],"startTime":1780568017964,"endTime":1780568018611.104,"status":"passed","message":"","name":"D:/ai-teacher/yuesheng-writing-coach/src/renderer/components/diagnosis/DiagnosisCard.test.tsx"},{"assertionResults":[{"ancestorTitles":["EditPanel"],"fullName":"EditPanel 标题显示症候名称","status":"passed","title":"标题显示症候名称","duration":41.25469999999996,"failureMessages":[],"meta":{},"tags":[]},{"ancestorTitles":["EditPanel"],"fullName":"EditPanel 显示只读原文区域","status":"passed","title":"显示只读原文区域","duration":5.1513999999997395,"failureMessages":[],"meta":{},"tags":[]},{"ancestorTitles":["EditPanel"],"fullName":"EditPanel 多条原文逐一显示","status":"passed","title":"多条原文逐一显示","duration":5.122100000000046,"failureMessages":[],"meta":{},"tags":[]},{"ancestorTitles":["EditPanel"],"fullName":"EditPanel 关闭按钮调用 onCancel","status":"passed","title":"关闭按钮调用 onCancel","duration":165.2869999999998,"failureMessages":[],"meta":{},"tags":[]},{"ancestorTitles":["EditPanel"],"fullName":"EditPanel \"取消\"按钮调用 onCancel","status":"passed","title":"\"取消\"按钮调用 onCancel","duration":61.870800000000145,"failureMessages":[],"meta":{},"tags":[]},{"ancestorTitles":["EditPanel"],"fullName":"EditPanel 文本区可以输入内容","status":"passed","title":"文本区可以输入内容","duration":327.91690000000017,"failureMessages":[],"meta":{},"tags":[]},{"ancestorTitles":["EditPanel"],"fullName":"EditPanel 空内容时提交按钮禁用","status":"passed","title":"空内容时提交按钮禁用","duration":7.276800000000094,"failureMessages":[],"meta":{},"tags":[]},{"ancestorTitles":["EditPanel"],"fullName":"EditPanel 提交按钮在 isSubmitting 时禁用并显示加载","status":"passed","title":"提交按钮在 isSubmitting 时禁用并显示加载","duration":6.8190999999997075,"failureMessages":[],"meta":{},"tags":[]},{"ancestorTitles":["EditPanel"],"fullName":"EditPanel 输入内容后提交按钮可用，点击触发 onSubmit","status":"passed","title":"输入内容后提交按钮可用，点击触发 onSubmit","duration":358.94050000000016,"failureMessages":[],"meta":{},"tags":[]},{"ancestorTitles":["EditPanel"],"fullName":"EditPanel 只输入空格时提交按钮禁用","status":"passed","title":"只输入空格时提交按钮禁用","duration":113.25889999999981,"failureMessages":[],"meta":{},"tags":[]}],"startTime":1780568018067,"endTime":1780568019160.2588,"status":"passed","message":"","name":"D:/ai-teacher/yuesheng-writing-coach/src/renderer/components/diagnosis/EditPanel.test.tsx"},{"assertionResults":[{"ancestorTitles":["EvaluationCard"],"fullName":"EvaluationCard '明显改善'时显示'这个改法有效'","status":"passed","title":"'明显改善'时显示'这个改法有效'","duration":39.271400000000085,"failureMessages":[],"meta":{},"tags":[]},{"ancestorTitles":["EvaluationCard"],"fullName":"EvaluationCard '略有改善'时显示'部分改善'","status":"passed","title":"'略有改善'时显示'部分改善'","duration":4.328500000000076,"failureMessages":[],"meta":{},"tags":[]},{"ancestorTitles":["EvaluationCard"],"fullName":"EvaluationCard '无明显改善'时显示'需要调整'","status":"passed","title":"'无明显改善'时显示'需要调整'","duration":3.8092000000001462,"failureMessages":[],"meta":{},"tags":[]},{"ancestorTitles":["EvaluationCard"],"fullName":"EvaluationCard 显示分析文本","status":"passed","title":"显示分析文本","duration":3.5945999999999003,"failureMessages":[],"meta":{},"tags":[]},{"ancestorTitles":["EvaluationCard"],"fullName":"EvaluationCard 有 suggestion 时显示建议内容","status":"passed","title":"有 suggestion 时显示建议内容","duration":3.9243999999998778,"failureMessages":[],"meta":{},"tags":[]},{"ancestorTitles":["EvaluationCard"],"fullName":"EvaluationCard 无 suggestion 时不显示建议区块","status":"passed","title":"无 suggestion 时不显示建议区块","duration":4.076799999999821,"failureMessages":[],"meta":{},"tags":[]},{"ancestorTitles":["EvaluationCard"],"fullName":"EvaluationCard 显示改前改后对比","status":"passed","title":"显示改前改后对比","duration":4.876400000000103,"failureMessages":[],"meta":{},"tags":[]},{"ancestorTitles":["EvaluationCard"],"fullName":"EvaluationCard 未提供原文时不显示对比区域","status":"passed","title":"未提供原文时不显示对比区域","duration":2.4407000000001062,"failureMessages":[],"meta":{},"tags":[]},{"ancestorTitles":["EvaluationCard"],"fullName":"EvaluationCard 显示自定义 actions","status":"passed","title":"显示自定义 actions","duration":3.5583999999998923,"failureMessages":[],"meta":{},"tags":[]}],"startTime":1780568017983,"endTime":1780568018053.5583,"status":"passed","message":"","name":"D:/ai-teacher/yuesheng-writing-coach/src/renderer/components/diagnosis/EvaluationCard.test.tsx"},{"assertionResults":[{"ancestorTitles":["GrowthCard"],"fullName":"GrowthCard 加载状态显示骨架屏且不显示成长记录标题","status":"passed","title":"加载状态显示骨架屏且不显示成长记录标题","duration":30.670399999999972,"failureMessages":[],"meta":{},"tags":[]},{"ancestorTitles":["GrowthCard"],"fullName":"GrowthCard 有历史记录时显示成长摘要","status":"passed","title":"有历史记录时显示成长摘要","duration":17.898699999999735,"failureMessages":[],"meta":{},"tags":[]},{"ancestorTitles":["GrowthCard"],"fullName":"GrowthCard 无历史记录时显示提示文案","status":"passed","title":"无历史记录时显示提示文案","duration":3.8002000000001317,"failureMessages":[],"meta":{},"tags":[]},{"ancestorTitles":["GrowthCard"],"fullName":"GrowthCard 始终显示'成长记录'标题","status":"passed","title":"始终显示'成长记录'标题","duration":3.384900000000016,"failureMessages":[],"meta":{},"tags":[]}],"startTime":1780568017923,"endTime":1780568017978.385,"status":"passed","message":"","name":"D:/ai-teacher/yuesheng-writing-coach/src/renderer/components/diagnosis/GrowthCard.test.tsx"},{"assertionResults":[{"ancestorTitles":["AppSidebar"],"fullName":"AppSidebar 应该渲染侧栏容器","status":"passed","title":"应该渲染侧栏容器","duration":57.31740000000036,"failureMessages":[],"meta":{},"tags":[]},{"ancestorTitles":["AppSidebar"],"fullName":"AppSidebar 折叠时应渲染 aria-label 为折叠侧边栏","status":"passed","title":"折叠时应渲染 aria-label 为折叠侧边栏","duration":140.49980000000005,"failureMessages":[],"meta":{},"tags":[]},{"ancestorTitles":["AppSidebar"],"fullName":"AppSidebar 切换按钮点击应调用 onToggleCollapse","status":"passed","title":"切换按钮点击应调用 onToggleCollapse","duration":76.04149999999981,"failureMessages":[],"meta":{},"tags":[]},{"ancestorTitles":["AppSidebar"],"fullName":"AppSidebar 有会话时应显示会话列表标题","status":"passed","title":"有会话时应显示会话列表标题","duration":13.184600000000046,"failureMessages":[],"meta":{},"tags":[]}],"startTime":1780568017963,"endTime":1780568018250.1846,"status":"passed","message":"","name":"D:/ai-teacher/yuesheng-writing-coach/src/renderer/components/layout/AppSidebar.test.tsx"},{"assertionResults":[{"ancestorTitles":["ChatStore","基础状态"],"fullName":"ChatStore 基础状态 初始状态为空","status":"passed","title":"初始状态为空","duration":4.6590000000001055,"failureMessages":[],"meta":{},"tags":[]},{"ancestorTitles":["ChatStore","addMessage"],"fullName":"ChatStore addMessage 添加消息到列表","status":"passed","title":"添加消息到列表","duration":1.4494000000004235,"failureMessages":[],"meta":{},"tags":[]},{"ancestorTitles":["ChatStore","appendToLastAssistant"],"fullName":"ChatStore appendToLastAssistant 追加内容到最后一条 assistant 消息","status":"passed","title":"追加内容到最后一条 assistant 消息","duration":0.5281999999997424,"failureMessages":[],"meta":{},"tags":[]},{"ancestorTitles":["ChatStore","appendToLastAssistant"],"fullName":"ChatStore appendToLastAssistant 多条 assistant 消息时追加到最后一条","status":"passed","title":"多条 assistant 消息时追加到最后一条","duration":0.34700000000020736,"failureMessages":[],"meta":{},"tags":[]},{"ancestorTitles":["ChatStore","sendMessage"],"fullName":"ChatStore sendMessage 发送消息创建 user + assistant 两条消息","status":"passed","title":"发送消息创建 user + assistant 两条消息","duration":1.594000000000051,"failureMessages":[],"meta":{},"tags":[]},{"ancestorTitles":["ChatStore","sendMessage"],"fullName":"ChatStore sendMessage 发送时设置 isLoading = true","status":"passed","title":"发送时设置 isLoading = true","duration":0.5007999999997992,"failureMessages":[],"meta":{},"tags":[]},{"ancestorTitles":["ChatStore","sendMessage"],"fullName":"ChatStore sendMessage 发送完成后 isLoading 保持 true（由 stream end 事件处理）","status":"passed","title":"发送完成后 isLoading 保持 true（由 stream end 事件处理）","duration":0.34180000000014843,"failureMessages":[],"meta":{},"tags":[]},{"ancestorTitles":["ChatStore","sendMessage"],"fullName":"ChatStore sendMessage 发送时调用 IPC invoke 传递正确参数","status":"passed","title":"发送时调用 IPC invoke 传递正确参数","duration":2.3705999999997402,"failureMessages":[],"meta":{},"tags":[]},{"ancestorTitles":["ChatStore","sendMessage"],"fullName":"ChatStore sendMessage 发送时传递当前 attitudeLevel","status":"passed","title":"发送时传递当前 attitudeLevel","duration":0.7128999999999905,"failureMessages":[],"meta":{},"tags":[]},{"ancestorTitles":["ChatStore","sendMessage"],"fullName":"ChatStore sendMessage attitudeLevel 默认值为 yuesheng","status":"passed","title":"attitudeLevel 默认值为 yuesheng","duration":0.5715000000000146,"failureMessages":[],"meta":{},"tags":[]},{"ancestorTitles":["ChatStore","sendMessage"],"fullName":"ChatStore sendMessage IPC 返回失败时移除空的 assistant 消息但保留 user 消息并设置错误","status":"passed","title":"IPC 返回失败时移除空的 assistant 消息但保留 user 消息并设置错误","duration":0.5412000000001171,"failureMessages":[],"meta":{},"tags":[]},{"ancestorTitles":["ChatStore","sendMessage"],"fullName":"ChatStore sendMessage IPC 抛出异常时移除空的 assistant 消息但保留 user 消息并设置错误","status":"passed","title":"IPC 抛出异常时移除空的 assistant 消息但保留 user 消息并设置错误","duration":0.6419999999998254,"failureMessages":[],"meta":{},"tags":[]},{"ancestorTitles":["ChatStore","sendMessage"],"fullName":"ChatStore sendMessage 空消息不发送","status":"passed","title":"空消息不发送","duration":0.4673999999999978,"failureMessages":[],"meta":{},"tags":[]},{"ancestorTitles":["ChatStore","sendMessage"],"fullName":"ChatStore sendMessage 空格消息不发送","status":"passed","title":"空格消息不发送","duration":0.19399999999995998,"failureMessages":[],"meta":{},"tags":[]},{"ancestorTitles":["ChatStore","sendMessage"],"fullName":"ChatStore sendMessage loading 状态下不发送新消息","status":"passed","title":"loading 状态下不发送新消息","duration":0.17849999999998545,"failureMessages":[],"meta":{},"tags":[]},{"ancestorTitles":["ChatStore","sendMessage"],"fullName":"ChatStore sendMessage 发送时传递历史消息（不包括刚添加的新消息）","status":"passed","title":"发送时传递历史消息（不包括刚添加的新消息）","duration":1.0185999999998785,"failureMessages":[],"meta":{},"tags":[]},{"ancestorTitles":["ChatStore","getHistory"],"fullName":"ChatStore getHistory 只返回 user 和 assistant 消息","status":"passed","title":"只返回 user 和 assistant 消息","duration":0.42820000000028813,"failureMessages":[],"meta":{},"tags":[]},{"ancestorTitles":["ChatStore","getHistory"],"fullName":"ChatStore getHistory 超过 20 条消息时截断","status":"passed","title":"超过 20 条消息时截断","duration":0.3205000000002656,"failureMessages":[],"meta":{},"tags":[]},{"ancestorTitles":["ChatStore","clearMessages"],"fullName":"ChatStore clearMessages 清空消息和错误","status":"passed","title":"清空消息和错误","duration":0.26870000000008076,"failureMessages":[],"meta":{},"tags":[]},{"ancestorTitles":["ChatStore","setLoading / setError"],"fullName":"ChatStore setLoading / setError 设置加载状态","status":"passed","title":"设置加载状态","duration":0.18109999999978754,"failureMessages":[],"meta":{},"tags":[]},{"ancestorTitles":["ChatStore","setLoading / setError"],"fullName":"ChatStore setLoading / setError 设置错误信息","status":"passed","title":"设置错误信息","duration":0.14229999999997744,"failureMessages":[],"meta":{},"tags":[]}],"startTime":1780568017849,"endTime":1780568017867.2688,"status":"passed","message":"","name":"D:/ai-teacher/yuesheng-writing-coach/src/renderer/stores/__tests__/chat.store.test.ts"},{"assertionResults":[{"ancestorTitles":["ConfigStore - attitudeLevel"],"fullName":"ConfigStore - attitudeLevel 默认 attitudeLevel 为 yuesheng","status":"passed","title":"默认 attitudeLevel 为 yuesheng","duration":2.3168000000000575,"failureMessages":[],"meta":{},"tags":[]},{"ancestorTitles":["ConfigStore - attitudeLevel"],"fullName":"ConfigStore - attitudeLevel setAttitudeLevel 更新状态并通过 IPC 持久化","status":"passed","title":"setAttitudeLevel 更新状态并通过 IPC 持久化","duration":2.955500000000029,"failureMessages":[],"meta":{},"tags":[]},{"ancestorTitles":["ConfigStore - attitudeLevel"],"fullName":"ConfigStore - attitudeLevel setAttitudeLevel 可切换回 yuesheng","status":"passed","title":"setAttitudeLevel 可切换回 yuesheng","duration":0.47090000000002874,"failureMessages":[],"meta":{},"tags":[]}],"startTime":1780568017790,"endTime":1780568017796.471,"status":"passed","message":"","name":"D:/ai-teacher/yuesheng-writing-coach/src/renderer/stores/__tests__/config.store.test.ts"}]}